[0:Overmind19] INFO - Overmind online.
[0:Overmind19] INFO - Strategy: assignment0.MineMineMine@6c5482
[1521:Overmind16] FATAL - Exception in onFrame of cerebrate assignment0.MineMineMine@6c5482
java.lang.RuntimeException: Invalid train command on Unit [Resource Mineral Field 36]
	at org.bwapi.proxy.model.Unit.train(Unit.java:435)
	at assignment0.MineMineMine.onFrame(MineMineMine.java:71)
	at edu.berkeley.nlp.starcraft.overmind.Overmind.onFrame(Overmind.java:106)
	at org.bwapi.unit.BwapiTestCase$WrapperBot.onFrame(BwapiTestCase.java:182)
	at org.bwapi.proxy.ProxyServer.runGame(ProxyServer.java:180)
	at org.bwapi.proxy.ProxyServer.run(ProxyServer.java:76)
	at java.lang.Thread.run(Unknown Source)
[1522:Overmind16] FATAL - Exception in onFrame of cerebrate assignment0.MineMineMine@6c5482
java.lang.RuntimeException: Invalid train command on Unit [Resource Mineral Field 36]
	at org.bwapi.proxy.model.Unit.train(Unit.java:435)
	at assignment0.MineMineMine.onFrame(MineMineMine.java:71)
	at edu.berkeley.nlp.starcraft.overmind.Overmind.onFrame(Overmind.java:106)
	at org.bwapi.unit.BwapiTestCase$WrapperBot.onFrame(BwapiTestCase.java:182)
	at org.bwapi.proxy.ProxyServer.runGame(ProxyServer.java:180)
	at org.bwapi.proxy.ProxyServer.run(ProxyServer.java:76)
	at java.lang.Thread.run(Unknown Source)
[1523:Overmind16] FATAL - Exception in onFrame of cerebrate assignment0.MineMineMine@6c5482
java.lang.RuntimeException: Invalid train command on Unit [Resource Mineral Field 36]
	at org.bwapi.proxy.model.Unit.train(Unit.java:435)
	at assignment0.MineMineMine.onFrame(MineMineMine.java:71)
	at edu.berkeley.nlp.starcraft.overmind.Overmind.onFrame(Overmind.java:106)
	at org.bwapi.unit.BwapiTestCase$WrapperBot.onFrame(BwapiTestCase.java:182)
	at org.bwapi.proxy.ProxyServer.runGame(ProxyServer.java:180)
	at org.bwapi.proxy.ProxyServer.run(ProxyServer.java:76)
	at java.lang.Thread.run(Unknown Source)
[1524:Overmind16] FATAL - Exception in onFrame of cerebrate assignment0.MineMineMine@6c5482
java.lang.RuntimeException: Invalid train command on Unit [Resource Mineral Field 36]
	at org.bwapi.proxy.model.Unit.train(Unit.java:435)
	at assignment0.MineMineMine.onFrame(MineMineMine.java:71)
	at edu.berkeley.nlp.starcraft.overmind.Overmind.onFrame(Overmind.java:106)
	at org.bwapi.unit.BwapiTestCase$WrapperBot.onFrame(BwapiTestCase.java:182)
	at org.bwapi.proxy.ProxyServer.runGame(ProxyServer.java:180)
	at org.bwapi.proxy.ProxyServer.run(ProxyServer.java:76)
	at java.lang.Thread.run(Unknown Source)
[1525:Overmind16] FATAL - Exception in onFrame of cerebrate assignment0.MineMineMine@6c5482
java.lang.RuntimeException: Invalid train command on Unit [Resource Mineral Field 36]
	at org.bwapi.proxy.model.Unit.train(Unit.java:435)
	at assignment0.MineMineMine.onFrame(MineMineMine.java:71)
	at edu.berkeley.nlp.starcraft.overmind.Overmind.onFrame(Overmind.java:106)
	at org.bwapi.unit.BwapiTestCase$WrapperBot.onFrame(BwapiTestCase.java:182)
	at org.bwapi.proxy.ProxyServer.runGame(ProxyServer.java:180)
	at org.bwapi.proxy.ProxyServer.run(ProxyServer.java:76)
	at java.lang.Thread.run(Unknown Source)
[1526:Overmind16] FATAL - Exception in onFrame of cerebrate assignment0.MineMineMine@6c5482
java.lang.RuntimeException: Invalid train command on Unit [Resource Mineral Field 36]
	at org.bwapi.proxy.model.Unit.train(Unit.java:435)
	at assignment0.MineMineMine.onFrame(MineMineMine.java:71)
	at edu.berkeley.nlp.starcraft.overmind.Overmind.onFrame(Overmind.java:106)
	at org.bwapi.unit.BwapiTestCase$WrapperBot.onFrame(BwapiTestCase.java:182)
	at org.bwapi.proxy.ProxyServer.runGame(ProxyServer.java:180)
	at org.bwapi.proxy.ProxyServer.run(ProxyServer.java:76)
	at java.lang.Thread.run(Unknown Source)
[1527:Overmind16] FATAL - Exception in onFrame of cerebrate assignment0.MineMineMine@6c5482
java.lang.RuntimeException: Invalid train command on Unit [Resource Mineral Field 36]
	at org.bwapi.proxy.model.Unit.train(Unit.java:435)
	at assignment0.MineMineMine.onFrame(MineMineMine.java:71)
	at edu.berkeley.nlp.starcraft.overmind.Overmind.onFrame(Overmind.java:106)
	at org.bwapi.unit.BwapiTestCase$WrapperBot.onFrame(BwapiTestCase.java:182)
	at org.bwapi.proxy.ProxyServer.runGame(ProxyServer.java:180)
	at org.bwapi.proxy.ProxyServer.run(ProxyServer.java:76)
	at java.lang.Thread.run(Unknown Source)
[1528:Overmind16] FATAL - Exception in onFrame of cerebrate assignment0.MineMineMine@6c5482
java.lang.RuntimeException: Invalid train command on Unit [Resource Mineral Field 36]
	at org.bwapi.proxy.model.Unit.train(Unit.java:435)
	at assignment0.MineMineMine.onFrame(MineMineMine.java:71)
	at edu.berkeley.nlp.starcraft.overmind.Overmind.onFrame(Overmind.java:106)
	at org.bwapi.unit.BwapiTestCase$WrapperBot.onFrame(BwapiTestCase.java:182)
	at org.bwapi.proxy.ProxyServer.runGame(ProxyServer.java:180)
	at org.bwapi.proxy.ProxyServer.run(ProxyServer.java:76)
	at java.lang.Thread.run(Unknown Source)
[1529:Overmind16] FATAL - Exception in onFrame of cerebrate assignment0.MineMineMine@6c5482
java.lang.RuntimeException: Invalid train command on Unit [Resource Mineral Field 36]
	at org.bwapi.proxy.model.Unit.train(Unit.java:435)
	at assignment0.MineMineMine.onFrame(MineMineMine.java:71)
	at edu.berkeley.nlp.starcraft.overmind.Overmind.onFrame(Overmind.java:106)
	at org.bwapi.unit.BwapiTestCase$WrapperBot.onFrame(BwapiTestCase.java:182)
	at org.bwapi.proxy.ProxyServer.runGame(ProxyServer.java:180)
	at org.bwapi.proxy.ProxyServer.run(ProxyServer.java:76)
	at java.lang.Thread.run(Unknown Source)
[1530:Overmind16] FATAL - Exception in onFrame of cerebrate assignment0.MineMineMine@6c5482
java.lang.RuntimeException: Invalid train command on Unit [Resource Mineral Field 36]
	at org.bwapi.proxy.model.Unit.train(Unit.java:435)
	at assignment0.MineMineMine.onFrame(MineMineMine.java:71)
	at edu.berkeley.nlp.starcraft.overmind.Overmind.onFrame(Overmind.java:106)
	at org.bwapi.unit.BwapiTestCase$WrapperBot.onFrame(BwapiTestCase.java:182)
	at org.bwapi.proxy.ProxyServer.runGame(ProxyServer.java:180)
	at org.bwapi.proxy.ProxyServer.run(ProxyServer.java:76)
	at java.lang.Thread.run(Unknown Source)
[1531:Overmind16] FATAL - Exception in onFrame of cerebrate assignment0.MineMineMine@6c5482
java.lang.RuntimeException: Invalid train command on Unit [Resource Mineral Field 36]
	at org.bwapi.proxy.model.Unit.train(Unit.java:435)
	at assignment0.MineMineMine.onFrame(MineMineMine.java:71)
	at edu.berkeley.nlp.starcraft.overmind.Overmind.onFrame(Overmind.java:106)
	at org.bwapi.unit.BwapiTestCase$WrapperBot.onFrame(BwapiTestCase.java:182)
	at org.bwapi.proxy.ProxyServer.runGame(ProxyServer.java:180)
	at org.bwapi.proxy.ProxyServer.run(ProxyServer.java:76)
	at java.lang.Thread.run(Unknown Source)
[1532:Overmind16] FATAL - Exception in onFrame of cerebrate assignment0.MineMineMine@6c5482
java.lang.RuntimeException: Invalid train command on Unit [Resource Mineral Field 36]
	at org.bwapi.proxy.model.Unit.train(Unit.java:435)
	at assignment0.MineMineMine.onFrame(MineMineMine.java:71)
	at edu.berkeley.nlp.starcraft.overmind.Overmind.onFrame(Overmind.java:106)
	at org.bwapi.unit.BwapiTestCase$WrapperBot.onFrame(BwapiTestCase.java:182)
	at org.bwapi.proxy.ProxyServer.runGame(ProxyServer.java:180)
	at org.bwapi.proxy.ProxyServer.run(ProxyServer.java:76)
	at java.lang.Thread.run(Unknown Source)
[1533:Overmind16] FATAL - Exception in onFrame of cerebrate assignment0.MineMineMine@6c5482
java.lang.RuntimeException: Invalid train command on Unit [Resource Mineral Field 36]
	at org.bwapi.proxy.model.Unit.train(Unit.java:435)
	at assignment0.MineMineMine.onFrame(MineMineMine.java:71)
	at edu.berkeley.nlp.starcraft.overmind.Overmind.onFrame(Overmind.java:106)
	at org.bwapi.unit.BwapiTestCase$WrapperBot.onFrame(BwapiTestCase.java:182)
	at org.bwapi.proxy.ProxyServer.runGame(ProxyServer.java:180)
	at org.bwapi.proxy.ProxyServer.run(ProxyServer.java:76)
	at java.lang.Thread.run(Unknown Source)
[1534:Overmind16] FATAL - Exception in onFrame of cerebrate assignment0.MineMineMine@6c5482
java.lang.RuntimeException: Invalid train command on Unit [Resource Mineral Field 36]
	at org.bwapi.proxy.model.Unit.train(Unit.java:435)
	at assignment0.MineMineMine.onFrame(MineMineMine.java:71)
	at edu.berkeley.nlp.starcraft.overmind.Overmind.onFrame(Overmind.java:106)
	at org.bwapi.unit.BwapiTestCase$WrapperBot.onFrame(BwapiTestCase.java:182)
	at org.bwapi.proxy.ProxyServer.runGame(ProxyServer.java:180)
	at org.bwapi.proxy.ProxyServer.run(ProxyServer.java:76)
	at java.lang.Thread.run(Unknown Source)
[1535:Overmind16] FATAL - Exception in onFrame of cerebrate assignment0.MineMineMine@6c5482
java.lang.RuntimeException: Invalid train command on Unit [Resource Mineral Field 36]
	at org.bwapi.proxy.model.Unit.train(Unit.java:435)
	at assignment0.MineMineMine.onFrame(MineMineMine.java:71)
	at edu.berkeley.nlp.starcraft.overmind.Overmind.onFrame(Overmind.java:106)
	at org.bwapi.unit.BwapiTestCase$WrapperBot.onFrame(BwapiTestCase.java:182)
	at org.bwapi.proxy.ProxyServer.runGame(ProxyServer.java:180)
	at org.bwapi.proxy.ProxyServer.run(ProxyServer.java:76)
	at java.lang.Thread.run(Unknown Source)
[1536:Overmind16] FATAL - Exception in onFrame of cerebrate assignment0.MineMineMine@6c5482
java.lang.RuntimeException: Invalid train command on Unit [Resource Mineral Field 36]
	at org.bwapi.proxy.model.Unit.train(Unit.java:435)
	at assignment0.MineMineMine.onFrame(MineMineMine.java:71)
	at edu.berkeley.nlp.starcraft.overmind.Overmind.onFrame(Overmind.java:106)
	at org.bwapi.unit.BwapiTestCase$WrapperBot.onFrame(BwapiTestCase.java:182)
	at org.bwapi.proxy.ProxyServer.runGame(ProxyServer.java:180)
	at org.bwapi.proxy.ProxyServer.run(ProxyServer.java:76)
	at java.lang.Thread.run(Unknown Source)
[1537:Overmind16] FATAL - Exception in onFrame of cerebrate assignment0.MineMineMine@6c5482
java.lang.RuntimeException: Invalid train command on Unit [Resource Mineral Field 36]
	at org.bwapi.proxy.model.Unit.train(Unit.java:435)
	at assignment0.MineMineMine.onFrame(MineMineMine.java:71)
	at edu.berkeley.nlp.starcraft.overmind.Overmind.onFrame(Overmind.java:106)
	at org.bwapi.unit.BwapiTestCase$WrapperBot.onFrame(BwapiTestCase.java:182)
	at org.bwapi.proxy.ProxyServer.runGame(ProxyServer.java:180)
	at org.bwapi.proxy.ProxyServer.run(ProxyServer.java:76)
	at java.lang.Thread.run(Unknown Source)
[1538:Overmind16] FATAL - Exception in onFrame of cerebrate assignment0.MineMineMine@6c5482
java.lang.RuntimeException: Invalid train command on Unit [Resource Mineral Field 36]
	at org.bwapi.proxy.model.Unit.train(Unit.java:435)
	at assignment0.MineMineMine.onFrame(MineMineMine.java:71)
	at edu.berkeley.nlp.starcraft.overmind.Overmind.onFrame(Overmind.java:106)
	at org.bwapi.unit.BwapiTestCase$WrapperBot.onFrame(BwapiTestCase.java:182)
	at org.bwapi.proxy.ProxyServer.runGame(ProxyServer.java:180)
	at org.bwapi.proxy.ProxyServer.run(ProxyServer.java:76)
	at java.lang.Thread.run(Unknown Source)
[1539:Overmind16] FATAL - Exception in onFrame of cerebrate assignment0.MineMineMine@6c5482
java.lang.RuntimeException: Invalid train command on Unit [Resource Mineral Field 36]
	at org.bwapi.proxy.model.Unit.train(Unit.java:435)
	at assignment0.MineMineMine.onFrame(MineMineMine.java:71)
	at edu.berkeley.nlp.starcraft.overmind.Overmind.onFrame(Overmind.java:106)
	at org.bwapi.unit.BwapiTestCase$WrapperBot.onFrame(BwapiTestCase.java:182)
	at org.bwapi.proxy.ProxyServer.runGame(ProxyServer.java:180)
	at org.bwapi.proxy.ProxyServer.run(ProxyServer.java:76)
	at java.lang.Thread.run(Unknown Source)
[1540:Overmind16] FATAL - Exception in onFrame of cerebrate assignment0.MineMineMine@6c5482
java.lang.RuntimeException: Invalid train command on Unit [Resource Mineral Field 36]
	at org.bwapi.proxy.model.Unit.train(Unit.java:435)
	at assignment0.MineMineMine.onFrame(MineMineMine.java:71)
	at edu.berkeley.nlp.starcraft.overmind.Overmind.onFrame(Overmind.java:106)
	at org.bwapi.unit.BwapiTestCase$WrapperBot.onFrame(BwapiTestCase.java:182)
	at org.bwapi.proxy.ProxyServer.runGame(ProxyServer.java:180)
	at org.bwapi.proxy.ProxyServer.run(ProxyServer.java:76)
	at java.lang.Thread.run(Unknown Source)
[1541:Overmind16] FATAL - Exception in onFrame of cerebrate assignment0.MineMineMine@6c5482
java.lang.RuntimeException: Invalid train command on Unit [Resource Mineral Field 36]
	at org.bwapi.proxy.model.Unit.train(Unit.java:435)
	at assignment0.MineMineMine.onFrame(MineMineMine.java:71)
	at edu.berkeley.nlp.starcraft.overmind.Overmind.onFrame(Overmind.java:106)
	at org.bwapi.unit.BwapiTestCase$WrapperBot.onFrame(BwapiTestCase.java:182)
	at org.bwapi.proxy.ProxyServer.runGame(ProxyServer.java:180)
	at org.bwapi.proxy.ProxyServer.run(ProxyServer.java:76)
	at java.lang.Thread.run(Unknown Source)
[1542:Overmind16] FATAL - Exception in onFrame of cerebrate assignment0.MineMineMine@6c5482
java.lang.RuntimeException: Invalid train command on Unit [Resource Mineral Field 36]
	at org.bwapi.proxy.model.Unit.train(Unit.java:435)
	at assignment0.MineMineMine.onFrame(MineMineMine.java:71)
	at edu.berkeley.nlp.starcraft.overmind.Overmind.onFrame(Overmind.java:106)
	at org.bwapi.unit.BwapiTestCase$WrapperBot.onFrame(BwapiTestCase.java:182)
	at org.bwapi.proxy.ProxyServer.runGame(ProxyServer.java:180)
	at org.bwapi.proxy.ProxyServer.run(ProxyServer.java:76)
	at java.lang.Thread.run(Unknown Source)
[1543:Overmind16] FATAL - Exception in onFrame of cerebrate assignment0.MineMineMine@6c5482
java.lang.RuntimeException: Invalid train command on Unit [Resource Mineral Field 36]
	at org.bwapi.proxy.model.Unit.train(Unit.java:435)
	at assignment0.MineMineMine.onFrame(MineMineMine.java:71)
	at edu.berkeley.nlp.starcraft.overmind.Overmind.onFrame(Overmind.java:106)
	at org.bwapi.unit.BwapiTestCase$WrapperBot.onFrame(BwapiTestCase.java:182)
	at org.bwapi.proxy.ProxyServer.runGame(ProxyServer.java:180)
	at org.bwapi.proxy.ProxyServer.run(ProxyServer.java:76)
	at java.lang.Thread.run(Unknown Source)
[1544:Overmind16] FATAL - Exception in onFrame of cerebrate assignment0.MineMineMine@6c5482
java.lang.RuntimeException: Invalid train command on Unit [Resource Mineral Field 36]
	at org.bwapi.proxy.model.Unit.train(Unit.java:435)
	at assignment0.MineMineMine.onFrame(MineMineMine.java:71)
	at edu.berkeley.nlp.starcraft.overmind.Overmind.onFrame(Overmind.java:106)
	at org.bwapi.unit.BwapiTestCase$WrapperBot.onFrame(BwapiTestCase.java:182)
	at org.bwapi.proxy.ProxyServer.runGame(ProxyServer.java:180)
	at org.bwapi.proxy.ProxyServer.run(ProxyServer.java:76)
	at java.lang.Thread.run(Unknown Source)
[1545:Overmind16] FATAL - Exception in onFrame of cerebrate assignment0.MineMineMine@6c5482
java.lang.RuntimeException: Invalid train command on Unit [Resource Mineral Field 36]
	at org.bwapi.proxy.model.Unit.train(Unit.java:435)
	at assignment0.MineMineMine.onFrame(MineMineMine.java:71)
	at edu.berkeley.nlp.starcraft.overmind.Overmind.onFrame(Overmind.java:106)
	at org.bwapi.unit.BwapiTestCase$WrapperBot.onFrame(BwapiTestCase.java:182)
	at org.bwapi.proxy.ProxyServer.runGame(ProxyServer.java:180)
	at org.bwapi.proxy.ProxyServer.run(ProxyServer.java:76)
	at java.lang.Thread.run(Unknown Source)
[1546:Overmind16] FATAL - Exception in onFrame of cerebrate assignment0.MineMineMine@6c5482
java.lang.RuntimeException: Invalid train command on Unit [Resource Mineral Field 36]
	at org.bwapi.proxy.model.Unit.train(Unit.java:435)
	at assignment0.MineMineMine.onFrame(MineMineMine.java:71)
	at edu.berkeley.nlp.starcraft.overmind.Overmind.onFrame(Overmind.java:106)
	at org.bwapi.unit.BwapiTestCase$WrapperBot.onFrame(BwapiTestCase.java:182)
	at org.bwapi.proxy.ProxyServer.runGame(ProxyServer.java:180)
	at org.bwapi.proxy.ProxyServer.run(ProxyServer.java:76)
	at java.lang.Thread.run(Unknown Source)
[1547:Overmind16] FATAL - Exception in onFrame of cerebrate assignment0.MineMineMine@6c5482
java.lang.RuntimeException: Invalid train command on Unit [Resource Mineral Field 36]
	at org.bwapi.proxy.model.Unit.train(Unit.java:435)
	at assignment0.MineMineMine.onFrame(MineMineMine.java:71)
	at edu.berkeley.nlp.starcraft.overmind.Overmind.onFrame(Overmind.java:106)
	at org.bwapi.unit.BwapiTestCase$WrapperBot.onFrame(BwapiTestCase.java:182)
	at org.bwapi.proxy.ProxyServer.runGame(ProxyServer.java:180)
	at org.bwapi.proxy.ProxyServer.run(ProxyServer.java:76)
	at java.lang.Thread.run(Unknown Source)
[1548:Overmind16] FATAL - Exception in onFrame of cerebrate assignment0.MineMineMine@6c5482
java.lang.RuntimeException: Invalid train command on Unit [Resource Mineral Field 36]
	at org.bwapi.proxy.model.Unit.train(Unit.java:435)
	at assignment0.MineMineMine.onFrame(MineMineMine.java:71)
	at edu.berkeley.nlp.starcraft.overmind.Overmind.onFrame(Overmind.java:106)
	at org.bwapi.unit.BwapiTestCase$WrapperBot.onFrame(BwapiTestCase.java:182)
	at org.bwapi.proxy.ProxyServer.runGame(ProxyServer.java:180)
	at org.bwapi.proxy.ProxyServer.run(ProxyServer.java:76)
	at java.lang.Thread.run(Unknown Source)
[1549:Overmind16] FATAL - Exception in onFrame of cerebrate assignment0.MineMineMine@6c5482
java.lang.RuntimeException: Invalid train command on Unit [Resource Mineral Field 36]
	at org.bwapi.proxy.model.Unit.train(Unit.java:435)
	at assignment0.MineMineMine.onFrame(MineMineMine.java:71)
	at edu.berkeley.nlp.starcraft.overmind.Overmind.onFrame(Overmind.java:106)
	at org.bwapi.unit.BwapiTestCase$WrapperBot.onFrame(BwapiTestCase.java:182)
	at org.bwapi.proxy.ProxyServer.runGame(ProxyServer.java:180)
	at org.bwapi.proxy.ProxyServer.run(ProxyServer.java:76)
	at java.lang.Thread.run(Unknown Source)
[1550:Overmind16] FATAL - Exception in onFrame of cerebrate assignment0.MineMineMine@6c5482
java.lang.RuntimeException: Invalid train command on Unit [Resource Mineral Field 36]
	at org.bwapi.proxy.model.Unit.train(Unit.java:435)
	at assignment0.MineMineMine.onFrame(MineMineMine.java:71)
	at edu.berkeley.nlp.starcraft.overmind.Overmind.onFrame(Overmind.java:106)
	at org.bwapi.unit.BwapiTestCase$WrapperBot.onFrame(BwapiTestCase.java:182)
	at org.bwapi.proxy.ProxyServer.runGame(ProxyServer.java:180)
	at org.bwapi.proxy.ProxyServer.run(ProxyServer.java:76)
	at java.lang.Thread.run(Unknown Source)
[1551:Overmind16] FATAL - Exception in onFrame of cerebrate assignment0.MineMineMine@6c5482
java.lang.RuntimeException: Invalid train command on Unit [Resource Mineral Field 36]
	at org.bwapi.proxy.model.Unit.train(Unit.java:435)
	at assignment0.MineMineMine.onFrame(MineMineMine.java:71)
	at edu.berkeley.nlp.starcraft.overmind.Overmind.onFrame(Overmind.java:106)
	at org.bwapi.unit.BwapiTestCase$WrapperBot.onFrame(BwapiTestCase.java:182)
	at org.bwapi.proxy.ProxyServer.runGame(ProxyServer.java:180)
	at org.bwapi.proxy.ProxyServer.run(ProxyServer.java:76)
	at java.lang.Thread.run(Unknown Source)
[1552:Overmind16] FATAL - Exception in onFrame of cerebrate assignment0.MineMineMine@6c5482
java.lang.RuntimeException: Invalid train command on Unit [Resource Mineral Field 36]
	at org.bwapi.proxy.model.Unit.train(Unit.java:435)
	at assignment0.MineMineMine.onFrame(MineMineMine.java:71)
	at edu.berkeley.nlp.starcraft.overmind.Overmind.onFrame(Overmind.java:106)
	at org.bwapi.unit.BwapiTestCase$WrapperBot.onFrame(BwapiTestCase.java:182)
	at org.bwapi.proxy.ProxyServer.runGame(ProxyServer.java:180)
	at org.bwapi.proxy.ProxyServer.run(ProxyServer.java:76)
	at java.lang.Thread.run(Unknown Source)
[1553:Overmind16] FATAL - Exception in onFrame of cerebrate assignment0.MineMineMine@6c5482
java.lang.RuntimeException: Invalid train command on Unit [Resource Mineral Field 36]
	at org.bwapi.proxy.model.Unit.train(Unit.java:435)
	at assignment0.MineMineMine.onFrame(MineMineMine.java:71)
	at edu.berkeley.nlp.starcraft.overmind.Overmind.onFrame(Overmind.java:106)
	at org.bwapi.unit.BwapiTestCase$WrapperBot.onFrame(BwapiTestCase.java:182)
	at org.bwapi.proxy.ProxyServer.runGame(ProxyServer.java:180)
	at org.bwapi.proxy.ProxyServer.run(ProxyServer.java:76)
	at java.lang.Thread.run(Unknown Source)
[1554:Overmind16] FATAL - Exception in onFrame of cerebrate assignment0.MineMineMine@6c5482
java.lang.RuntimeException: Invalid train command on Unit [Resource Mineral Field 36]
	at org.bwapi.proxy.model.Unit.train(Unit.java:435)
	at assignment0.MineMineMine.onFrame(MineMineMine.java:71)
	at edu.berkeley.nlp.starcraft.overmind.Overmind.onFrame(Overmind.java:106)
	at org.bwapi.unit.BwapiTestCase$WrapperBot.onFrame(BwapiTestCase.java:182)
	at org.bwapi.proxy.ProxyServer.runGame(ProxyServer.java:180)
	at org.bwapi.proxy.ProxyServer.run(ProxyServer.java:76)
	at java.lang.Thread.run(Unknown Source)
[1555:Overmind16] FATAL - Exception in onFrame of cerebrate assignment0.MineMineMine@6c5482
java.lang.RuntimeException: Invalid train command on Unit [Resource Mineral Field 36]
	at org.bwapi.proxy.model.Unit.train(Unit.java:435)
	at assignment0.MineMineMine.onFrame(MineMineMine.java:71)
	at edu.berkeley.nlp.starcraft.overmind.Overmind.onFrame(Overmind.java:106)
	at org.bwapi.unit.BwapiTestCase$WrapperBot.onFrame(BwapiTestCase.java:182)
	at org.bwapi.proxy.ProxyServer.runGame(ProxyServer.java:180)
	at org.bwapi.proxy.ProxyServer.run(ProxyServer.java:76)
	at java.lang.Thread.run(Unknown Source)
[1556:Overmind16] FATAL - Exception in onFrame of cerebrate assignment0.MineMineMine@6c5482
java.lang.RuntimeException: Invalid train command on Unit [Resource Mineral Field 36]
	at org.bwapi.proxy.model.Unit.train(Unit.java:435)
	at assignment0.MineMineMine.onFrame(MineMineMine.java:71)
	at edu.berkeley.nlp.starcraft.overmind.Overmind.onFrame(Overmind.java:106)
	at org.bwapi.unit.BwapiTestCase$WrapperBot.onFrame(BwapiTestCase.java:182)
	at org.bwapi.proxy.ProxyServer.runGame(ProxyServer.java:180)
	at org.bwapi.proxy.ProxyServer.run(ProxyServer.java:76)
	at java.lang.Thread.run(Unknown Source)
[1557:Overmind16] FATAL - Exception in onFrame of cerebrate assignment0.MineMineMine@6c5482
java.lang.RuntimeException: Invalid train command on Unit [Resource Mineral Field 36]
	at org.bwapi.proxy.model.Unit.train(Unit.java:435)
	at assignment0.MineMineMine.onFrame(MineMineMine.java:71)
	at edu.berkeley.nlp.starcraft.overmind.Overmind.onFrame(Overmind.java:106)
	at org.bwapi.unit.BwapiTestCase$WrapperBot.onFrame(BwapiTestCase.java:182)
	at org.bwapi.proxy.ProxyServer.runGame(ProxyServer.java:180)
	at org.bwapi.proxy.ProxyServer.run(ProxyServer.java:76)
	at java.lang.Thread.run(Unknown Source)
[1558:Overmind16] FATAL - Exception in onFrame of cerebrate assignment0.MineMineMine@6c5482
java.lang.RuntimeException: Invalid train command on Unit [Resource Mineral Field 36]
	at org.bwapi.proxy.model.Unit.train(Unit.java:435)
	at assignment0.MineMineMine.onFrame(MineMineMine.java:71)
	at edu.berkeley.nlp.starcraft.overmind.Overmind.onFrame(Overmind.java:106)
	at org.bwapi.unit.BwapiTestCase$WrapperBot.onFrame(BwapiTestCase.java:182)
	at org.bwapi.proxy.ProxyServer.runGame(ProxyServer.java:180)
	at org.bwapi.proxy.ProxyServer.run(ProxyServer.java:76)
	at java.lang.Thread.run(Unknown Source)
[1559:Overmind16] FATAL - Exception in onFrame of cerebrate assignment0.MineMineMine@6c5482
java.lang.RuntimeException: Invalid train command on Unit [Resource Mineral Field 36]
	at org.bwapi.proxy.model.Unit.train(Unit.java:435)
	at assignment0.MineMineMine.onFrame(MineMineMine.java:71)
	at edu.berkeley.nlp.starcraft.overmind.Overmind.onFrame(Overmind.java:106)
	at org.bwapi.unit.BwapiTestCase$WrapperBot.onFrame(BwapiTestCase.java:182)
	at org.bwapi.proxy.ProxyServer.runGame(ProxyServer.java:180)
	at org.bwapi.proxy.ProxyServer.run(ProxyServer.java:76)
	at java.lang.Thread.run(Unknown Source)
[1560:Overmind16] FATAL - Exception in onFrame of cerebrate assignment0.MineMineMine@6c5482
java.lang.RuntimeException: Invalid train command on Unit [Resource Mineral Field 36]
	at org.bwapi.proxy.model.Unit.train(Unit.java:435)
	at assignment0.MineMineMine.onFrame(MineMineMine.java:71)
	at edu.berkeley.nlp.starcraft.overmind.Overmind.onFrame(Overmind.java:106)
	at org.bwapi.unit.BwapiTestCase$WrapperBot.onFrame(BwapiTestCase.java:182)
	at org.bwapi.proxy.ProxyServer.runGame(ProxyServer.java:180)
	at org.bwapi.proxy.ProxyServer.run(ProxyServer.java:76)
	at java.lang.Thread.run(Unknown Source)
[1561:Overmind16] FATAL - Exception in onFrame of cerebrate assignment0.MineMineMine@6c5482
java.lang.RuntimeException: Invalid train command on Unit [Resource Mineral Field 36]
	at org.bwapi.proxy.model.Unit.train(Unit.java:435)
	at assignment0.MineMineMine.onFrame(MineMineMine.java:71)
	at edu.berkeley.nlp.starcraft.overmind.Overmind.onFrame(Overmind.java:106)
	at org.bwapi.unit.BwapiTestCase$WrapperBot.onFrame(BwapiTestCase.java:182)
	at org.bwapi.proxy.ProxyServer.runGame(ProxyServer.java:180)
	at org.bwapi.proxy.ProxyServer.run(ProxyServer.java:76)
	at java.lang.Thread.run(Unknown Source)
[1562:Overmind16] FATAL - Exception in onFrame of cerebrate assignment0.MineMineMine@6c5482
java.lang.RuntimeException: Invalid train command on Unit [Resource Mineral Field 36]
	at org.bwapi.proxy.model.Unit.train(Unit.java:435)
	at assignment0.MineMineMine.onFrame(MineMineMine.java:71)
	at edu.berkeley.nlp.starcraft.overmind.Overmind.onFrame(Overmind.java:106)
	at org.bwapi.unit.BwapiTestCase$WrapperBot.onFrame(BwapiTestCase.java:182)
	at org.bwapi.proxy.ProxyServer.runGame(ProxyServer.java:180)
	at org.bwapi.proxy.ProxyServer.run(ProxyServer.java:76)
	at java.lang.Thread.run(Unknown Source)
[1563:Overmind16] FATAL - Exception in onFrame of cerebrate assignment0.MineMineMine@6c5482
java.lang.RuntimeException: Invalid train command on Unit [Resource Mineral Field 36]
	at org.bwapi.proxy.model.Unit.train(Unit.java:435)
	at assignment0.MineMineMine.onFrame(MineMineMine.java:71)
	at edu.berkeley.nlp.starcraft.overmind.Overmind.onFrame(Overmind.java:106)
	at org.bwapi.unit.BwapiTestCase$WrapperBot.onFrame(BwapiTestCase.java:182)
	at org.bwapi.proxy.ProxyServer.runGame(ProxyServer.java:180)
	at org.bwapi.proxy.ProxyServer.run(ProxyServer.java:76)
	at java.lang.Thread.run(Unknown Source)
[1564:Overmind16] FATAL - Exception in onFrame of cerebrate assignment0.MineMineMine@6c5482
java.lang.RuntimeException: Invalid train command on Unit [Resource Mineral Field 36]
	at org.bwapi.proxy.model.Unit.train(Unit.java:435)
	at assignment0.MineMineMine.onFrame(MineMineMine.java:71)
	at edu.berkeley.nlp.starcraft.overmind.Overmind.onFrame(Overmind.java:106)
	at org.bwapi.unit.BwapiTestCase$WrapperBot.onFrame(BwapiTestCase.java:182)
	at org.bwapi.proxy.ProxyServer.runGame(ProxyServer.java:180)
	at org.bwapi.proxy.ProxyServer.run(ProxyServer.java:76)
	at java.lang.Thread.run(Unknown Source)
[1565:Overmind16] FATAL - Exception in onFrame of cerebrate assignment0.MineMineMine@6c5482
java.lang.RuntimeException: Invalid train command on Unit [Resource Mineral Field 36]
	at org.bwapi.proxy.model.Unit.train(Unit.java:435)
	at assignment0.MineMineMine.onFrame(MineMineMine.java:71)
	at edu.berkeley.nlp.starcraft.overmind.Overmind.onFrame(Overmind.java:106)
	at org.bwapi.unit.BwapiTestCase$WrapperBot.onFrame(BwapiTestCase.java:182)
	at org.bwapi.proxy.ProxyServer.runGame(ProxyServer.java:180)
	at org.bwapi.proxy.ProxyServer.run(ProxyServer.java:76)
	at java.lang.Thread.run(Unknown Source)
[1566:Overmind16] FATAL - Exception in onFrame of cerebrate assignment0.MineMineMine@6c5482
java.lang.RuntimeException: Invalid train command on Unit [Resource Mineral Field 36]
	at org.bwapi.proxy.model.Unit.train(Unit.java:435)
	at assignment0.MineMineMine.onFrame(MineMineMine.java:71)
	at edu.berkeley.nlp.starcraft.overmind.Overmind.onFrame(Overmind.java:106)
	at org.bwapi.unit.BwapiTestCase$WrapperBot.onFrame(BwapiTestCase.java:182)
	at org.bwapi.proxy.ProxyServer.runGame(ProxyServer.java:180)
	at org.bwapi.proxy.ProxyServer.run(ProxyServer.java:76)
	at java.lang.Thread.run(Unknown Source)
[1567:Overmind16] FATAL - Exception in onFrame of cerebrate assignment0.MineMineMine@6c5482
java.lang.RuntimeException: Invalid train command on Unit [Resource Mineral Field 36]
	at org.bwapi.proxy.model.Unit.train(Unit.java:435)
	at assignment0.MineMineMine.onFrame(MineMineMine.java:71)
	at edu.berkeley.nlp.starcraft.overmind.Overmind.onFrame(Overmind.java:106)
	at org.bwapi.unit.BwapiTestCase$WrapperBot.onFrame(BwapiTestCase.java:182)
	at org.bwapi.proxy.ProxyServer.runGame(ProxyServer.java:180)
	at org.bwapi.proxy.ProxyServer.run(ProxyServer.java:76)
	at java.lang.Thread.run(Unknown Source)
[1568:Overmind16] FATAL - Exception in onFrame of cerebrate assignment0.MineMineMine@6c5482
java.lang.RuntimeException: Invalid train command on Unit [Resource Mineral Field 36]
	at org.bwapi.proxy.model.Unit.train(Unit.java:435)
	at assignment0.MineMineMine.onFrame(MineMineMine.java:71)
	at edu.berkeley.nlp.starcraft.overmind.Overmind.onFrame(Overmind.java:106)
	at org.bwapi.unit.BwapiTestCase$WrapperBot.onFrame(BwapiTestCase.java:182)
	at org.bwapi.proxy.ProxyServer.runGame(ProxyServer.java:180)
	at org.bwapi.proxy.ProxyServer.run(ProxyServer.java:76)
	at java.lang.Thread.run(Unknown Source)
[1569:Overmind16] FATAL - Exception in onFrame of cerebrate assignment0.MineMineMine@6c5482
java.lang.RuntimeException: Invalid train command on Unit [Resource Mineral Field 36]
	at org.bwapi.proxy.model.Unit.train(Unit.java:435)
	at assignment0.MineMineMine.onFrame(MineMineMine.java:71)
	at edu.berkeley.nlp.starcraft.overmind.Overmind.onFrame(Overmind.java:106)
	at org.bwapi.unit.BwapiTestCase$WrapperBot.onFrame(BwapiTestCase.java:182)
	at org.bwapi.proxy.ProxyServer.runGame(ProxyServer.java:180)
	at org.bwapi.proxy.ProxyServer.run(ProxyServer.java:76)
	at java.lang.Thread.run(Unknown Source)
[1570:Overmind16] FATAL - Exception in onFrame of cerebrate assignment0.MineMineMine@6c5482
java.lang.RuntimeException: Invalid train command on Unit [Resource Mineral Field 36]
	at org.bwapi.proxy.model.Unit.train(Unit.java:435)
	at assignment0.MineMineMine.onFrame(MineMineMine.java:71)
	at edu.berkeley.nlp.starcraft.overmind.Overmind.onFrame(Overmind.java:106)
	at org.bwapi.unit.BwapiTestCase$WrapperBot.onFrame(BwapiTestCase.java:182)
	at org.bwapi.proxy.ProxyServer.runGame(ProxyServer.java:180)
	at org.bwapi.proxy.ProxyServer.run(ProxyServer.java:76)
	at java.lang.Thread.run(Unknown Source)
[1571:Overmind16] FATAL - Exception in onFrame of cerebrate assignment0.MineMineMine@6c5482
java.lang.RuntimeException: Invalid train command on Unit [Resource Mineral Field 36]
	at org.bwapi.proxy.model.Unit.train(Unit.java:435)
	at assignment0.MineMineMine.onFrame(MineMineMine.java:71)
	at edu.berkeley.nlp.starcraft.overmind.Overmind.onFrame(Overmind.java:106)
	at org.bwapi.unit.BwapiTestCase$WrapperBot.onFrame(BwapiTestCase.java:182)
	at org.bwapi.proxy.ProxyServer.runGame(ProxyServer.java:180)
	at org.bwapi.proxy.ProxyServer.run(ProxyServer.java:76)
	at java.lang.Thread.run(Unknown Source)
[1572:Overmind16] FATAL - Exception in onFrame of cerebrate assignment0.MineMineMine@6c5482
java.lang.RuntimeException: Invalid train command on Unit [Resource Mineral Field 36]
	at org.bwapi.proxy.model.Unit.train(Unit.java:435)
	at assignment0.MineMineMine.onFrame(MineMineMine.java:71)
	at edu.berkeley.nlp.starcraft.overmind.Overmind.onFrame(Overmind.java:106)
	at org.bwapi.unit.BwapiTestCase$WrapperBot.onFrame(BwapiTestCase.java:182)
	at org.bwapi.proxy.ProxyServer.runGame(ProxyServer.java:180)
	at org.bwapi.proxy.ProxyServer.run(ProxyServer.java:76)
	at java.lang.Thread.run(Unknown Source)
[1573:Overmind16] FATAL - Exception in onFrame of cerebrate assignment0.MineMineMine@6c5482
java.lang.RuntimeException: Invalid train command on Unit [Resource Mineral Field 36]
	at org.bwapi.proxy.model.Unit.train(Unit.java:435)
	at assignment0.MineMineMine.onFrame(MineMineMine.java:71)
	at edu.berkeley.nlp.starcraft.overmind.Overmind.onFrame(Overmind.java:106)
	at org.bwapi.unit.BwapiTestCase$WrapperBot.onFrame(BwapiTestCase.java:182)
	at org.bwapi.proxy.ProxyServer.runGame(ProxyServer.java:180)
	at org.bwapi.proxy.ProxyServer.run(ProxyServer.java:76)
	at java.lang.Thread.run(Unknown Source)
[1574:Overmind16] FATAL - Exception in onFrame of cerebrate assignment0.MineMineMine@6c5482
java.lang.RuntimeException: Invalid train command on Unit [Resource Mineral Field 36]
	at org.bwapi.proxy.model.Unit.train(Unit.java:435)
	at assignment0.MineMineMine.onFrame(MineMineMine.java:71)
	at edu.berkeley.nlp.starcraft.overmind.Overmind.onFrame(Overmind.java:106)
	at org.bwapi.unit.BwapiTestCase$WrapperBot.onFrame(BwapiTestCase.java:182)
	at org.bwapi.proxy.ProxyServer.runGame(ProxyServer.java:180)
	at org.bwapi.proxy.ProxyServer.run(ProxyServer.java:76)
	at java.lang.Thread.run(Unknown Source)
[1575:Overmind16] FATAL - Exception in onFrame of cerebrate assignment0.MineMineMine@6c5482
java.lang.RuntimeException: Invalid train command on Unit [Resource Mineral Field 36]
	at org.bwapi.proxy.model.Unit.train(Unit.java:435)
	at assignment0.MineMineMine.onFrame(MineMineMine.java:71)
	at edu.berkeley.nlp.starcraft.overmind.Overmind.onFrame(Overmind.java:106)
	at org.bwapi.unit.BwapiTestCase$WrapperBot.onFrame(BwapiTestCase.java:182)
	at org.bwapi.proxy.ProxyServer.runGame(ProxyServer.java:180)
	at org.bwapi.proxy.ProxyServer.run(ProxyServer.java:76)
	at java.lang.Thread.run(Unknown Source)
[1576:Overmind16] FATAL - Exception in onFrame of cerebrate assignment0.MineMineMine@6c5482
java.lang.RuntimeException: Invalid train command on Unit [Resource Mineral Field 36]
	at org.bwapi.proxy.model.Unit.train(Unit.java:435)
	at assignment0.MineMineMine.onFrame(MineMineMine.java:71)
	at edu.berkeley.nlp.starcraft.overmind.Overmind.onFrame(Overmind.java:106)
	at org.bwapi.unit.BwapiTestCase$WrapperBot.onFrame(BwapiTestCase.java:182)
	at org.bwapi.proxy.ProxyServer.runGame(ProxyServer.java:180)
	at org.bwapi.proxy.ProxyServer.run(ProxyServer.java:76)
	at java.lang.Thread.run(Unknown Source)
[1577:Overmind16] FATAL - Exception in onFrame of cerebrate assignment0.MineMineMine@6c5482
java.lang.RuntimeException: Invalid train command on Unit [Resource Mineral Field 36]
	at org.bwapi.proxy.model.Unit.train(Unit.java:435)
	at assignment0.MineMineMine.onFrame(MineMineMine.java:71)
	at edu.berkeley.nlp.starcraft.overmind.Overmind.onFrame(Overmind.java:106)
	at org.bwapi.unit.BwapiTestCase$WrapperBot.onFrame(BwapiTestCase.java:182)
	at org.bwapi.proxy.ProxyServer.runGame(ProxyServer.java:180)
	at org.bwapi.proxy.ProxyServer.run(ProxyServer.java:76)
	at java.lang.Thread.run(Unknown Source)
[1578:Overmind16] FATAL - Exception in onFrame of cerebrate assignment0.MineMineMine@6c5482
java.lang.RuntimeException: Invalid train command on Unit [Resource Mineral Field 36]
	at org.bwapi.proxy.model.Unit.train(Unit.java:435)
	at assignment0.MineMineMine.onFrame(MineMineMine.java:71)
	at edu.berkeley.nlp.starcraft.overmind.Overmind.onFrame(Overmind.java:106)
	at org.bwapi.unit.BwapiTestCase$WrapperBot.onFrame(BwapiTestCase.java:182)
	at org.bwapi.proxy.ProxyServer.runGame(ProxyServer.java:180)
	at org.bwapi.proxy.ProxyServer.run(ProxyServer.java:76)
	at java.lang.Thread.run(Unknown Source)
[1579:Overmind16] FATAL - Exception in onFrame of cerebrate assignment0.MineMineMine@6c5482
java.lang.RuntimeException: Invalid train command on Unit [Resource Mineral Field 36]
	at org.bwapi.proxy.model.Unit.train(Unit.java:435)
	at assignment0.MineMineMine.onFrame(MineMineMine.java:71)
	at edu.berkeley.nlp.starcraft.overmind.Overmind.onFrame(Overmind.java:106)
	at org.bwapi.unit.BwapiTestCase$WrapperBot.onFrame(BwapiTestCase.java:182)
	at org.bwapi.proxy.ProxyServer.runGame(ProxyServer.java:180)
	at org.bwapi.proxy.ProxyServer.run(ProxyServer.java:76)
	at java.lang.Thread.run(Unknown Source)
[1580:Overmind16] FATAL - Exception in onFrame of cerebrate assignment0.MineMineMine@6c5482
java.lang.RuntimeException: Invalid train command on Unit [Resource Mineral Field 36]
	at org.bwapi.proxy.model.Unit.train(Unit.java:435)
	at assignment0.MineMineMine.onFrame(MineMineMine.java:71)
	at edu.berkeley.nlp.starcraft.overmind.Overmind.onFrame(Overmind.java:106)
	at org.bwapi.unit.BwapiTestCase$WrapperBot.onFrame(BwapiTestCase.java:182)
	at org.bwapi.proxy.ProxyServer.runGame(ProxyServer.java:180)
	at org.bwapi.proxy.ProxyServer.run(ProxyServer.java:76)
	at java.lang.Thread.run(Unknown Source)
[1581:Overmind16] FATAL - Exception in onFrame of cerebrate assignment0.MineMineMine@6c5482
java.lang.RuntimeException: Invalid train command on Unit [Resource Mineral Field 36]
	at org.bwapi.proxy.model.Unit.train(Unit.java:435)
	at assignment0.MineMineMine.onFrame(MineMineMine.java:71)
	at edu.berkeley.nlp.starcraft.overmind.Overmind.onFrame(Overmind.java:106)
	at org.bwapi.unit.BwapiTestCase$WrapperBot.onFrame(BwapiTestCase.java:182)
	at org.bwapi.proxy.ProxyServer.runGame(ProxyServer.java:180)
	at org.bwapi.proxy.ProxyServer.run(ProxyServer.java:76)
	at java.lang.Thread.run(Unknown Source)
[1582:Overmind16] FATAL - Exception in onFrame of cerebrate assignment0.MineMineMine@6c5482
java.lang.RuntimeException: Invalid train command on Unit [Resource Mineral Field 36]
	at org.bwapi.proxy.model.Unit.train(Unit.java:435)
	at assignment0.MineMineMine.onFrame(MineMineMine.java:71)
	at edu.berkeley.nlp.starcraft.overmind.Overmind.onFrame(Overmind.java:106)
	at org.bwapi.unit.BwapiTestCase$WrapperBot.onFrame(BwapiTestCase.java:182)
	at org.bwapi.proxy.ProxyServer.runGame(ProxyServer.java:180)
	at org.bwapi.proxy.ProxyServer.run(ProxyServer.java:76)
	at java.lang.Thread.run(Unknown Source)
[1583:Overmind16] FATAL - Exception in onFrame of cerebrate assignment0.MineMineMine@6c5482
java.lang.RuntimeException: Invalid train command on Unit [Resource Mineral Field 36]
	at org.bwapi.proxy.model.Unit.train(Unit.java:435)
	at assignment0.MineMineMine.onFrame(MineMineMine.java:71)
	at edu.berkeley.nlp.starcraft.overmind.Overmind.onFrame(Overmind.java:106)
	at org.bwapi.unit.BwapiTestCase$WrapperBot.onFrame(BwapiTestCase.java:182)
	at org.bwapi.proxy.ProxyServer.runGame(ProxyServer.java:180)
	at org.bwapi.proxy.ProxyServer.run(ProxyServer.java:76)
	at java.lang.Thread.run(Unknown Source)
[1584:Overmind16] FATAL - Exception in onFrame of cerebrate assignment0.MineMineMine@6c5482
java.lang.RuntimeException: Invalid train command on Unit [Resource Mineral Field 36]
	at org.bwapi.proxy.model.Unit.train(Unit.java:435)
	at assignment0.MineMineMine.onFrame(MineMineMine.java:71)
	at edu.berkeley.nlp.starcraft.overmind.Overmind.onFrame(Overmind.java:106)
	at org.bwapi.unit.BwapiTestCase$WrapperBot.onFrame(BwapiTestCase.java:182)
	at org.bwapi.proxy.ProxyServer.runGame(ProxyServer.java:180)
	at org.bwapi.proxy.ProxyServer.run(ProxyServer.java:76)
	at java.lang.Thread.run(Unknown Source)
[1585:Overmind16] FATAL - Exception in onFrame of cerebrate assignment0.MineMineMine@6c5482
java.lang.RuntimeException: Invalid train command on Unit [Resource Mineral Field 36]
	at org.bwapi.proxy.model.Unit.train(Unit.java:435)
	at assignment0.MineMineMine.onFrame(MineMineMine.java:71)
	at edu.berkeley.nlp.starcraft.overmind.Overmind.onFrame(Overmind.java:106)
	at org.bwapi.unit.BwapiTestCase$WrapperBot.onFrame(BwapiTestCase.java:182)
	at org.bwapi.proxy.ProxyServer.runGame(ProxyServer.java:180)
	at org.bwapi.proxy.ProxyServer.run(ProxyServer.java:76)
	at java.lang.Thread.run(Unknown Source)
[1586:Overmind16] FATAL - Exception in onFrame of cerebrate assignment0.MineMineMine@6c5482
java.lang.RuntimeException: Invalid train command on Unit [Resource Mineral Field 36]
	at org.bwapi.proxy.model.Unit.train(Unit.java:435)
	at assignment0.MineMineMine.onFrame(MineMineMine.java:71)
	at edu.berkeley.nlp.starcraft.overmind.Overmind.onFrame(Overmind.java:106)
	at org.bwapi.unit.BwapiTestCase$WrapperBot.onFrame(BwapiTestCase.java:182)
	at org.bwapi.proxy.ProxyServer.runGame(ProxyServer.java:180)
	at org.bwapi.proxy.ProxyServer.run(ProxyServer.java:76)
	at java.lang.Thread.run(Unknown Source)
[1587:Overmind16] FATAL - Exception in onFrame of cerebrate assignment0.MineMineMine@6c5482
java.lang.RuntimeException: Invalid train command on Unit [Resource Mineral Field 36]
	at org.bwapi.proxy.model.Unit.train(Unit.java:435)
	at assignment0.MineMineMine.onFrame(MineMineMine.java:71)
	at edu.berkeley.nlp.starcraft.overmind.Overmind.onFrame(Overmind.java:106)
	at org.bwapi.unit.BwapiTestCase$WrapperBot.onFrame(BwapiTestCase.java:182)
	at org.bwapi.proxy.ProxyServer.runGame(ProxyServer.java:180)
	at org.bwapi.proxy.ProxyServer.run(ProxyServer.java:76)
	at java.lang.Thread.run(Unknown Source)
[1588:Overmind16] FATAL - Exception in onFrame of cerebrate assignment0.MineMineMine@6c5482
java.lang.RuntimeException: Invalid train command on Unit [Resource Mineral Field 36]
	at org.bwapi.proxy.model.Unit.train(Unit.java:435)
	at assignment0.MineMineMine.onFrame(MineMineMine.java:71)
	at edu.berkeley.nlp.starcraft.overmind.Overmind.onFrame(Overmind.java:106)
	at org.bwapi.unit.BwapiTestCase$WrapperBot.onFrame(BwapiTestCase.java:182)
	at org.bwapi.proxy.ProxyServer.runGame(ProxyServer.java:180)
	at org.bwapi.proxy.ProxyServer.run(ProxyServer.java:76)
	at java.lang.Thread.run(Unknown Source)
[1589:Overmind16] FATAL - Exception in onFrame of cerebrate assignment0.MineMineMine@6c5482
java.lang.RuntimeException: Invalid train command on Unit [Resource Mineral Field 36]
	at org.bwapi.proxy.model.Unit.train(Unit.java:435)
	at assignment0.MineMineMine.onFrame(MineMineMine.java:71)
	at edu.berkeley.nlp.starcraft.overmind.Overmind.onFrame(Overmind.java:106)
	at org.bwapi.unit.BwapiTestCase$WrapperBot.onFrame(BwapiTestCase.java:182)
	at org.bwapi.proxy.ProxyServer.runGame(ProxyServer.java:180)
	at org.bwapi.proxy.ProxyServer.run(ProxyServer.java:76)
	at java.lang.Thread.run(Unknown Source)
[1590:Overmind16] FATAL - Exception in onFrame of cerebrate assignment0.MineMineMine@6c5482
java.lang.RuntimeException: Invalid train command on Unit [Resource Mineral Field 36]
	at org.bwapi.proxy.model.Unit.train(Unit.java:435)
	at assignment0.MineMineMine.onFrame(MineMineMine.java:71)
	at edu.berkeley.nlp.starcraft.overmind.Overmind.onFrame(Overmind.java:106)
	at org.bwapi.unit.BwapiTestCase$WrapperBot.onFrame(BwapiTestCase.java:182)
	at org.bwapi.proxy.ProxyServer.runGame(ProxyServer.java:180)
	at org.bwapi.proxy.ProxyServer.run(ProxyServer.java:76)
	at java.lang.Thread.run(Unknown Source)
[1591:Overmind16] FATAL - Exception in onFrame of cerebrate assignment0.MineMineMine@6c5482
java.lang.RuntimeException: Invalid train command on Unit [Resource Mineral Field 36]
	at org.bwapi.proxy.model.Unit.train(Unit.java:435)
	at assignment0.MineMineMine.onFrame(MineMineMine.java:71)
	at edu.berkeley.nlp.starcraft.overmind.Overmind.onFrame(Overmind.java:106)
	at org.bwapi.unit.BwapiTestCase$WrapperBot.onFrame(BwapiTestCase.java:182)
	at org.bwapi.proxy.ProxyServer.runGame(ProxyServer.java:180)
	at org.bwapi.proxy.ProxyServer.run(ProxyServer.java:76)
	at java.lang.Thread.run(Unknown Source)
[1592:Overmind16] FATAL - Exception in onFrame of cerebrate assignment0.MineMineMine@6c5482
java.lang.RuntimeException: Invalid train command on Unit [Resource Mineral Field 36]
	at org.bwapi.proxy.model.Unit.train(Unit.java:435)
	at assignment0.MineMineMine.onFrame(MineMineMine.java:71)
	at edu.berkeley.nlp.starcraft.overmind.Overmind.onFrame(Overmind.java:106)
	at org.bwapi.unit.BwapiTestCase$WrapperBot.onFrame(BwapiTestCase.java:182)
	at org.bwapi.proxy.ProxyServer.runGame(ProxyServer.java:180)
	at org.bwapi.proxy.ProxyServer.run(ProxyServer.java:76)
	at java.lang.Thread.run(Unknown Source)
[1593:Overmind16] FATAL - Exception in onFrame of cerebrate assignment0.MineMineMine@6c5482
java.lang.RuntimeException: Invalid train command on Unit [Resource Mineral Field 36]
	at org.bwapi.proxy.model.Unit.train(Unit.java:435)
	at assignment0.MineMineMine.onFrame(MineMineMine.java:71)
	at edu.berkeley.nlp.starcraft.overmind.Overmind.onFrame(Overmind.java:106)
	at org.bwapi.unit.BwapiTestCase$WrapperBot.onFrame(BwapiTestCase.java:182)
	at org.bwapi.proxy.ProxyServer.runGame(ProxyServer.java:180)
	at org.bwapi.proxy.ProxyServer.run(ProxyServer.java:76)
	at java.lang.Thread.run(Unknown Source)
[1594:Overmind16] FATAL - Exception in onFrame of cerebrate assignment0.MineMineMine@6c5482
java.lang.RuntimeException: Invalid train command on Unit [Resource Mineral Field 36]
	at org.bwapi.proxy.model.Unit.train(Unit.java:435)
	at assignment0.MineMineMine.onFrame(MineMineMine.java:71)
	at edu.berkeley.nlp.starcraft.overmind.Overmind.onFrame(Overmind.java:106)
	at org.bwapi.unit.BwapiTestCase$WrapperBot.onFrame(BwapiTestCase.java:182)
	at org.bwapi.proxy.ProxyServer.runGame(ProxyServer.java:180)
	at org.bwapi.proxy.ProxyServer.run(ProxyServer.java:76)
	at java.lang.Thread.run(Unknown Source)
[1595:Overmind16] FATAL - Exception in onFrame of cerebrate assignment0.MineMineMine@6c5482
java.lang.RuntimeException: Invalid train command on Unit [Resource Mineral Field 36]
	at org.bwapi.proxy.model.Unit.train(Unit.java:435)
	at assignment0.MineMineMine.onFrame(MineMineMine.java:71)
	at edu.berkeley.nlp.starcraft.overmind.Overmind.onFrame(Overmind.java:106)
	at org.bwapi.unit.BwapiTestCase$WrapperBot.onFrame(BwapiTestCase.java:182)
	at org.bwapi.proxy.ProxyServer.runGame(ProxyServer.java:180)
	at org.bwapi.proxy.ProxyServer.run(ProxyServer.java:76)
	at java.lang.Thread.run(Unknown Source)
[1596:Overmind16] FATAL - Exception in onFrame of cerebrate assignment0.MineMineMine@6c5482
java.lang.RuntimeException: Invalid train command on Unit [Resource Mineral Field 36]
	at org.bwapi.proxy.model.Unit.train(Unit.java:435)
	at assignment0.MineMineMine.onFrame(MineMineMine.java:71)
	at edu.berkeley.nlp.starcraft.overmind.Overmind.onFrame(Overmind.java:106)
	at org.bwapi.unit.BwapiTestCase$WrapperBot.onFrame(BwapiTestCase.java:182)
	at org.bwapi.proxy.ProxyServer.runGame(ProxyServer.java:180)
	at org.bwapi.proxy.ProxyServer.run(ProxyServer.java:76)
	at java.lang.Thread.run(Unknown Source)
[1597:Overmind16] FATAL - Exception in onFrame of cerebrate assignment0.MineMineMine@6c5482
java.lang.RuntimeException: Invalid train command on Unit [Resource Mineral Field 36]
	at org.bwapi.proxy.model.Unit.train(Unit.java:435)
	at assignment0.MineMineMine.onFrame(MineMineMine.java:71)
	at edu.berkeley.nlp.starcraft.overmind.Overmind.onFrame(Overmind.java:106)
	at org.bwapi.unit.BwapiTestCase$WrapperBot.onFrame(BwapiTestCase.java:182)
	at org.bwapi.proxy.ProxyServer.runGame(ProxyServer.java:180)
	at org.bwapi.proxy.ProxyServer.run(ProxyServer.java:76)
	at java.lang.Thread.run(Unknown Source)
[1598:Overmind16] FATAL - Exception in onFrame of cerebrate assignment0.MineMineMine@6c5482
java.lang.RuntimeException: Invalid train command on Unit [Resource Mineral Field 36]
	at org.bwapi.proxy.model.Unit.train(Unit.java:435)
	at assignment0.MineMineMine.onFrame(MineMineMine.java:71)
	at edu.berkeley.nlp.starcraft.overmind.Overmind.onFrame(Overmind.java:106)
	at org.bwapi.unit.BwapiTestCase$WrapperBot.onFrame(BwapiTestCase.java:182)
	at org.bwapi.proxy.ProxyServer.runGame(ProxyServer.java:180)
	at org.bwapi.proxy.ProxyServer.run(ProxyServer.java:76)
	at java.lang.Thread.run(Unknown Source)
[1599:Overmind16] FATAL - Exception in onFrame of cerebrate assignment0.MineMineMine@6c5482
java.lang.RuntimeException: Invalid train command on Unit [Resource Mineral Field 36]
	at org.bwapi.proxy.model.Unit.train(Unit.java:435)
	at assignment0.MineMineMine.onFrame(MineMineMine.java:71)
	at edu.berkeley.nlp.starcraft.overmind.Overmind.onFrame(Overmind.java:106)
	at org.bwapi.unit.BwapiTestCase$WrapperBot.onFrame(BwapiTestCase.java:182)
	at org.bwapi.proxy.ProxyServer.runGame(ProxyServer.java:180)
	at org.bwapi.proxy.ProxyServer.run(ProxyServer.java:76)
	at java.lang.Thread.run(Unknown Source)
[1600:Overmind16] FATAL - Exception in onFrame of cerebrate assignment0.MineMineMine@6c5482
java.lang.RuntimeException: Invalid train command on Unit [Resource Mineral Field 36]
	at org.bwapi.proxy.model.Unit.train(Unit.java:435)
	at assignment0.MineMineMine.onFrame(MineMineMine.java:71)
	at edu.berkeley.nlp.starcraft.overmind.Overmind.onFrame(Overmind.java:106)
	at org.bwapi.unit.BwapiTestCase$WrapperBot.onFrame(BwapiTestCase.java:182)
	at org.bwapi.proxy.ProxyServer.runGame(ProxyServer.java:180)
	at org.bwapi.proxy.ProxyServer.run(ProxyServer.java:76)
	at java.lang.Thread.run(Unknown Source)
[1601:Overmind16] FATAL - Exception in onFrame of cerebrate assignment0.MineMineMine@6c5482
java.lang.RuntimeException: Invalid train command on Unit [Resource Mineral Field 36]
	at org.bwapi.proxy.model.Unit.train(Unit.java:435)
	at assignment0.MineMineMine.onFrame(MineMineMine.java:71)
	at edu.berkeley.nlp.starcraft.overmind.Overmind.onFrame(Overmind.java:106)
	at org.bwapi.unit.BwapiTestCase$WrapperBot.onFrame(BwapiTestCase.java:182)
	at org.bwapi.proxy.ProxyServer.runGame(ProxyServer.java:180)
	at org.bwapi.proxy.ProxyServer.run(ProxyServer.java:76)
	at java.lang.Thread.run(Unknown Source)
[1602:Overmind16] FATAL - Exception in onFrame of cerebrate assignment0.MineMineMine@6c5482
java.lang.RuntimeException: Invalid train command on Unit [Resource Mineral Field 36]
	at org.bwapi.proxy.model.Unit.train(Unit.java:435)
	at assignment0.MineMineMine.onFrame(MineMineMine.java:71)
	at edu.berkeley.nlp.starcraft.overmind.Overmind.onFrame(Overmind.java:106)
	at org.bwapi.unit.BwapiTestCase$WrapperBot.onFrame(BwapiTestCase.java:182)
	at org.bwapi.proxy.ProxyServer.runGame(ProxyServer.java:180)
	at org.bwapi.proxy.ProxyServer.run(ProxyServer.java:76)
	at java.lang.Thread.run(Unknown Source)
