[0:Overmind19] INFO - Overmind online.
[0:Overmind19] INFO - Strategy: assignment0.MineMineMine@717d91
[1487:Overmind16] FATAL - Exception in onFrame of cerebrate assignment0.MineMineMine@717d91
java.lang.RuntimeException: Invalid train command on Unit [Resource Mineral Field 36]
	at org.bwapi.proxy.model.Unit.train(Unit.java:435)
	at assignment0.MineMineMine.onFrame(MineMineMine.java:70)
	at edu.berkeley.nlp.starcraft.overmind.Overmind.onFrame(Overmind.java:106)
	at org.bwapi.unit.BwapiTestCase$WrapperBot.onFrame(BwapiTestCase.java:182)
	at org.bwapi.proxy.ProxyServer.runGame(ProxyServer.java:180)
	at org.bwapi.proxy.ProxyServer.run(ProxyServer.java:76)
	at java.lang.Thread.run(Unknown Source)
[1488:Overmind16] FATAL - Exception in onFrame of cerebrate assignment0.MineMineMine@717d91
java.lang.RuntimeException: Invalid train command on Unit [Resource Mineral Field 36]
	at org.bwapi.proxy.model.Unit.train(Unit.java:435)
	at assignment0.MineMineMine.onFrame(MineMineMine.java:70)
	at edu.berkeley.nlp.starcraft.overmind.Overmind.onFrame(Overmind.java:106)
	at org.bwapi.unit.BwapiTestCase$WrapperBot.onFrame(BwapiTestCase.java:182)
	at org.bwapi.proxy.ProxyServer.runGame(ProxyServer.java:180)
	at org.bwapi.proxy.ProxyServer.run(ProxyServer.java:76)
	at java.lang.Thread.run(Unknown Source)
[1489:Overmind16] FATAL - Exception in onFrame of cerebrate assignment0.MineMineMine@717d91
java.lang.RuntimeException: Invalid train command on Unit [Resource Mineral Field 36]
	at org.bwapi.proxy.model.Unit.train(Unit.java:435)
	at assignment0.MineMineMine.onFrame(MineMineMine.java:70)
	at edu.berkeley.nlp.starcraft.overmind.Overmind.onFrame(Overmind.java:106)
	at org.bwapi.unit.BwapiTestCase$WrapperBot.onFrame(BwapiTestCase.java:182)
	at org.bwapi.proxy.ProxyServer.runGame(ProxyServer.java:180)
	at org.bwapi.proxy.ProxyServer.run(ProxyServer.java:76)
	at java.lang.Thread.run(Unknown Source)
[1490:Overmind16] FATAL - Exception in onFrame of cerebrate assignment0.MineMineMine@717d91
java.lang.RuntimeException: Invalid train command on Unit [Resource Mineral Field 36]
	at org.bwapi.proxy.model.Unit.train(Unit.java:435)
	at assignment0.MineMineMine.onFrame(MineMineMine.java:70)
	at edu.berkeley.nlp.starcraft.overmind.Overmind.onFrame(Overmind.java:106)
	at org.bwapi.unit.BwapiTestCase$WrapperBot.onFrame(BwapiTestCase.java:182)
	at org.bwapi.proxy.ProxyServer.runGame(ProxyServer.java:180)
	at org.bwapi.proxy.ProxyServer.run(ProxyServer.java:76)
	at java.lang.Thread.run(Unknown Source)
[1491:Overmind16] FATAL - Exception in onFrame of cerebrate assignment0.MineMineMine@717d91
java.lang.RuntimeException: Invalid train command on Unit [Resource Mineral Field 36]
	at org.bwapi.proxy.model.Unit.train(Unit.java:435)
	at assignment0.MineMineMine.onFrame(MineMineMine.java:70)
	at edu.berkeley.nlp.starcraft.overmind.Overmind.onFrame(Overmind.java:106)
	at org.bwapi.unit.BwapiTestCase$WrapperBot.onFrame(BwapiTestCase.java:182)
	at org.bwapi.proxy.ProxyServer.runGame(ProxyServer.java:180)
	at org.bwapi.proxy.ProxyServer.run(ProxyServer.java:76)
	at java.lang.Thread.run(Unknown Source)
[1492:Overmind16] FATAL - Exception in onFrame of cerebrate assignment0.MineMineMine@717d91
java.lang.RuntimeException: Invalid train command on Unit [Resource Mineral Field 36]
	at org.bwapi.proxy.model.Unit.train(Unit.java:435)
	at assignment0.MineMineMine.onFrame(MineMineMine.java:70)
	at edu.berkeley.nlp.starcraft.overmind.Overmind.onFrame(Overmind.java:106)
	at org.bwapi.unit.BwapiTestCase$WrapperBot.onFrame(BwapiTestCase.java:182)
	at org.bwapi.proxy.ProxyServer.runGame(ProxyServer.java:180)
	at org.bwapi.proxy.ProxyServer.run(ProxyServer.java:76)
	at java.lang.Thread.run(Unknown Source)
[1493:Overmind16] FATAL - Exception in onFrame of cerebrate assignment0.MineMineMine@717d91
java.lang.RuntimeException: Invalid train command on Unit [Resource Mineral Field 36]
	at org.bwapi.proxy.model.Unit.train(Unit.java:435)
	at assignment0.MineMineMine.onFrame(MineMineMine.java:70)
	at edu.berkeley.nlp.starcraft.overmind.Overmind.onFrame(Overmind.java:106)
	at org.bwapi.unit.BwapiTestCase$WrapperBot.onFrame(BwapiTestCase.java:182)
	at org.bwapi.proxy.ProxyServer.runGame(ProxyServer.java:180)
	at org.bwapi.proxy.ProxyServer.run(ProxyServer.java:76)
	at java.lang.Thread.run(Unknown Source)
[1494:Overmind16] FATAL - Exception in onFrame of cerebrate assignment0.MineMineMine@717d91
java.lang.RuntimeException: Invalid train command on Unit [Resource Mineral Field 36]
	at org.bwapi.proxy.model.Unit.train(Unit.java:435)
	at assignment0.MineMineMine.onFrame(MineMineMine.java:70)
	at edu.berkeley.nlp.starcraft.overmind.Overmind.onFrame(Overmind.java:106)
	at org.bwapi.unit.BwapiTestCase$WrapperBot.onFrame(BwapiTestCase.java:182)
	at org.bwapi.proxy.ProxyServer.runGame(ProxyServer.java:180)
	at org.bwapi.proxy.ProxyServer.run(ProxyServer.java:76)
	at java.lang.Thread.run(Unknown Source)
[1495:Overmind16] FATAL - Exception in onFrame of cerebrate assignment0.MineMineMine@717d91
java.lang.RuntimeException: Invalid train command on Unit [Resource Mineral Field 36]
	at org.bwapi.proxy.model.Unit.train(Unit.java:435)
	at assignment0.MineMineMine.onFrame(MineMineMine.java:70)
	at edu.berkeley.nlp.starcraft.overmind.Overmind.onFrame(Overmind.java:106)
	at org.bwapi.unit.BwapiTestCase$WrapperBot.onFrame(BwapiTestCase.java:182)
	at org.bwapi.proxy.ProxyServer.runGame(ProxyServer.java:180)
	at org.bwapi.proxy.ProxyServer.run(ProxyServer.java:76)
	at java.lang.Thread.run(Unknown Source)
[1496:Overmind16] FATAL - Exception in onFrame of cerebrate assignment0.MineMineMine@717d91
java.lang.RuntimeException: Invalid train command on Unit [Resource Mineral Field 36]
	at org.bwapi.proxy.model.Unit.train(Unit.java:435)
	at assignment0.MineMineMine.onFrame(MineMineMine.java:70)
	at edu.berkeley.nlp.starcraft.overmind.Overmind.onFrame(Overmind.java:106)
	at org.bwapi.unit.BwapiTestCase$WrapperBot.onFrame(BwapiTestCase.java:182)
	at org.bwapi.proxy.ProxyServer.runGame(ProxyServer.java:180)
	at org.bwapi.proxy.ProxyServer.run(ProxyServer.java:76)
	at java.lang.Thread.run(Unknown Source)
[1497:Overmind16] FATAL - Exception in onFrame of cerebrate assignment0.MineMineMine@717d91
java.lang.RuntimeException: Invalid train command on Unit [Resource Mineral Field 36]
	at org.bwapi.proxy.model.Unit.train(Unit.java:435)
	at assignment0.MineMineMine.onFrame(MineMineMine.java:70)
	at edu.berkeley.nlp.starcraft.overmind.Overmind.onFrame(Overmind.java:106)
	at org.bwapi.unit.BwapiTestCase$WrapperBot.onFrame(BwapiTestCase.java:182)
	at org.bwapi.proxy.ProxyServer.runGame(ProxyServer.java:180)
	at org.bwapi.proxy.ProxyServer.run(ProxyServer.java:76)
	at java.lang.Thread.run(Unknown Source)
[1498:Overmind16] FATAL - Exception in onFrame of cerebrate assignment0.MineMineMine@717d91
java.lang.RuntimeException: Invalid train command on Unit [Resource Mineral Field 36]
	at org.bwapi.proxy.model.Unit.train(Unit.java:435)
	at assignment0.MineMineMine.onFrame(MineMineMine.java:70)
	at edu.berkeley.nlp.starcraft.overmind.Overmind.onFrame(Overmind.java:106)
	at org.bwapi.unit.BwapiTestCase$WrapperBot.onFrame(BwapiTestCase.java:182)
	at org.bwapi.proxy.ProxyServer.runGame(ProxyServer.java:180)
	at org.bwapi.proxy.ProxyServer.run(ProxyServer.java:76)
	at java.lang.Thread.run(Unknown Source)
[1499:Overmind16] FATAL - Exception in onFrame of cerebrate assignment0.MineMineMine@717d91
java.lang.RuntimeException: Invalid train command on Unit [Resource Mineral Field 36]
	at org.bwapi.proxy.model.Unit.train(Unit.java:435)
	at assignment0.MineMineMine.onFrame(MineMineMine.java:70)
	at edu.berkeley.nlp.starcraft.overmind.Overmind.onFrame(Overmind.java:106)
	at org.bwapi.unit.BwapiTestCase$WrapperBot.onFrame(BwapiTestCase.java:182)
	at org.bwapi.proxy.ProxyServer.runGame(ProxyServer.java:180)
	at org.bwapi.proxy.ProxyServer.run(ProxyServer.java:76)
	at java.lang.Thread.run(Unknown Source)
[1500:Overmind16] FATAL - Exception in onFrame of cerebrate assignment0.MineMineMine@717d91
java.lang.RuntimeException: Invalid train command on Unit [Resource Mineral Field 36]
	at org.bwapi.proxy.model.Unit.train(Unit.java:435)
	at assignment0.MineMineMine.onFrame(MineMineMine.java:70)
	at edu.berkeley.nlp.starcraft.overmind.Overmind.onFrame(Overmind.java:106)
	at org.bwapi.unit.BwapiTestCase$WrapperBot.onFrame(BwapiTestCase.java:182)
	at org.bwapi.proxy.ProxyServer.runGame(ProxyServer.java:180)
	at org.bwapi.proxy.ProxyServer.run(ProxyServer.java:76)
	at java.lang.Thread.run(Unknown Source)
[1501:Overmind16] FATAL - Exception in onFrame of cerebrate assignment0.MineMineMine@717d91
java.lang.RuntimeException: Invalid train command on Unit [Resource Mineral Field 36]
	at org.bwapi.proxy.model.Unit.train(Unit.java:435)
	at assignment0.MineMineMine.onFrame(MineMineMine.java:70)
	at edu.berkeley.nlp.starcraft.overmind.Overmind.onFrame(Overmind.java:106)
	at org.bwapi.unit.BwapiTestCase$WrapperBot.onFrame(BwapiTestCase.java:182)
	at org.bwapi.proxy.ProxyServer.runGame(ProxyServer.java:180)
	at org.bwapi.proxy.ProxyServer.run(ProxyServer.java:76)
	at java.lang.Thread.run(Unknown Source)
[1502:Overmind16] FATAL - Exception in onFrame of cerebrate assignment0.MineMineMine@717d91
java.lang.RuntimeException: Invalid train command on Unit [Resource Mineral Field 36]
	at org.bwapi.proxy.model.Unit.train(Unit.java:435)
	at assignment0.MineMineMine.onFrame(MineMineMine.java:70)
	at edu.berkeley.nlp.starcraft.overmind.Overmind.onFrame(Overmind.java:106)
	at org.bwapi.unit.BwapiTestCase$WrapperBot.onFrame(BwapiTestCase.java:182)
	at org.bwapi.proxy.ProxyServer.runGame(ProxyServer.java:180)
	at org.bwapi.proxy.ProxyServer.run(ProxyServer.java:76)
	at java.lang.Thread.run(Unknown Source)
[1503:Overmind16] FATAL - Exception in onFrame of cerebrate assignment0.MineMineMine@717d91
java.lang.RuntimeException: Invalid train command on Unit [Resource Mineral Field 36]
	at org.bwapi.proxy.model.Unit.train(Unit.java:435)
	at assignment0.MineMineMine.onFrame(MineMineMine.java:70)
	at edu.berkeley.nlp.starcraft.overmind.Overmind.onFrame(Overmind.java:106)
	at org.bwapi.unit.BwapiTestCase$WrapperBot.onFrame(BwapiTestCase.java:182)
	at org.bwapi.proxy.ProxyServer.runGame(ProxyServer.java:180)
	at org.bwapi.proxy.ProxyServer.run(ProxyServer.java:76)
	at java.lang.Thread.run(Unknown Source)
[1504:Overmind16] FATAL - Exception in onFrame of cerebrate assignment0.MineMineMine@717d91
java.lang.RuntimeException: Invalid train command on Unit [Resource Mineral Field 36]
	at org.bwapi.proxy.model.Unit.train(Unit.java:435)
	at assignment0.MineMineMine.onFrame(MineMineMine.java:70)
	at edu.berkeley.nlp.starcraft.overmind.Overmind.onFrame(Overmind.java:106)
	at org.bwapi.unit.BwapiTestCase$WrapperBot.onFrame(BwapiTestCase.java:182)
	at org.bwapi.proxy.ProxyServer.runGame(ProxyServer.java:180)
	at org.bwapi.proxy.ProxyServer.run(ProxyServer.java:76)
	at java.lang.Thread.run(Unknown Source)
[1505:Overmind16] FATAL - Exception in onFrame of cerebrate assignment0.MineMineMine@717d91
java.lang.RuntimeException: Invalid train command on Unit [Resource Mineral Field 36]
	at org.bwapi.proxy.model.Unit.train(Unit.java:435)
	at assignment0.MineMineMine.onFrame(MineMineMine.java:70)
	at edu.berkeley.nlp.starcraft.overmind.Overmind.onFrame(Overmind.java:106)
	at org.bwapi.unit.BwapiTestCase$WrapperBot.onFrame(BwapiTestCase.java:182)
	at org.bwapi.proxy.ProxyServer.runGame(ProxyServer.java:180)
	at org.bwapi.proxy.ProxyServer.run(ProxyServer.java:76)
	at java.lang.Thread.run(Unknown Source)
[1506:Overmind16] FATAL - Exception in onFrame of cerebrate assignment0.MineMineMine@717d91
java.lang.RuntimeException: Invalid train command on Unit [Resource Mineral Field 36]
	at org.bwapi.proxy.model.Unit.train(Unit.java:435)
	at assignment0.MineMineMine.onFrame(MineMineMine.java:70)
	at edu.berkeley.nlp.starcraft.overmind.Overmind.onFrame(Overmind.java:106)
	at org.bwapi.unit.BwapiTestCase$WrapperBot.onFrame(BwapiTestCase.java:182)
	at org.bwapi.proxy.ProxyServer.runGame(ProxyServer.java:180)
	at org.bwapi.proxy.ProxyServer.run(ProxyServer.java:76)
	at java.lang.Thread.run(Unknown Source)
[1507:Overmind16] FATAL - Exception in onFrame of cerebrate assignment0.MineMineMine@717d91
java.lang.RuntimeException: Invalid train command on Unit [Resource Mineral Field 36]
	at org.bwapi.proxy.model.Unit.train(Unit.java:435)
	at assignment0.MineMineMine.onFrame(MineMineMine.java:70)
	at edu.berkeley.nlp.starcraft.overmind.Overmind.onFrame(Overmind.java:106)
	at org.bwapi.unit.BwapiTestCase$WrapperBot.onFrame(BwapiTestCase.java:182)
	at org.bwapi.proxy.ProxyServer.runGame(ProxyServer.java:180)
	at org.bwapi.proxy.ProxyServer.run(ProxyServer.java:76)
	at java.lang.Thread.run(Unknown Source)
[1508:Overmind16] FATAL - Exception in onFrame of cerebrate assignment0.MineMineMine@717d91
java.lang.RuntimeException: Invalid train command on Unit [Resource Mineral Field 36]
	at org.bwapi.proxy.model.Unit.train(Unit.java:435)
	at assignment0.MineMineMine.onFrame(MineMineMine.java:70)
	at edu.berkeley.nlp.starcraft.overmind.Overmind.onFrame(Overmind.java:106)
	at org.bwapi.unit.BwapiTestCase$WrapperBot.onFrame(BwapiTestCase.java:182)
	at org.bwapi.proxy.ProxyServer.runGame(ProxyServer.java:180)
	at org.bwapi.proxy.ProxyServer.run(ProxyServer.java:76)
	at java.lang.Thread.run(Unknown Source)
[1509:Overmind16] FATAL - Exception in onFrame of cerebrate assignment0.MineMineMine@717d91
java.lang.RuntimeException: Invalid train command on Unit [Resource Mineral Field 36]
	at org.bwapi.proxy.model.Unit.train(Unit.java:435)
	at assignment0.MineMineMine.onFrame(MineMineMine.java:70)
	at edu.berkeley.nlp.starcraft.overmind.Overmind.onFrame(Overmind.java:106)
	at org.bwapi.unit.BwapiTestCase$WrapperBot.onFrame(BwapiTestCase.java:182)
	at org.bwapi.proxy.ProxyServer.runGame(ProxyServer.java:180)
	at org.bwapi.proxy.ProxyServer.run(ProxyServer.java:76)
	at java.lang.Thread.run(Unknown Source)
[1510:Overmind16] FATAL - Exception in onFrame of cerebrate assignment0.MineMineMine@717d91
java.lang.RuntimeException: Invalid train command on Unit [Resource Mineral Field 36]
	at org.bwapi.proxy.model.Unit.train(Unit.java:435)
	at assignment0.MineMineMine.onFrame(MineMineMine.java:70)
	at edu.berkeley.nlp.starcraft.overmind.Overmind.onFrame(Overmind.java:106)
	at org.bwapi.unit.BwapiTestCase$WrapperBot.onFrame(BwapiTestCase.java:182)
	at org.bwapi.proxy.ProxyServer.runGame(ProxyServer.java:180)
	at org.bwapi.proxy.ProxyServer.run(ProxyServer.java:76)
	at java.lang.Thread.run(Unknown Source)
[1511:Overmind16] FATAL - Exception in onFrame of cerebrate assignment0.MineMineMine@717d91
java.lang.RuntimeException: Invalid train command on Unit [Resource Mineral Field 36]
	at org.bwapi.proxy.model.Unit.train(Unit.java:435)
	at assignment0.MineMineMine.onFrame(MineMineMine.java:70)
	at edu.berkeley.nlp.starcraft.overmind.Overmind.onFrame(Overmind.java:106)
	at org.bwapi.unit.BwapiTestCase$WrapperBot.onFrame(BwapiTestCase.java:182)
	at org.bwapi.proxy.ProxyServer.runGame(ProxyServer.java:180)
	at org.bwapi.proxy.ProxyServer.run(ProxyServer.java:76)
	at java.lang.Thread.run(Unknown Source)
[1512:Overmind16] FATAL - Exception in onFrame of cerebrate assignment0.MineMineMine@717d91
java.lang.RuntimeException: Invalid train command on Unit [Resource Mineral Field 36]
	at org.bwapi.proxy.model.Unit.train(Unit.java:435)
	at assignment0.MineMineMine.onFrame(MineMineMine.java:70)
	at edu.berkeley.nlp.starcraft.overmind.Overmind.onFrame(Overmind.java:106)
	at org.bwapi.unit.BwapiTestCase$WrapperBot.onFrame(BwapiTestCase.java:182)
	at org.bwapi.proxy.ProxyServer.runGame(ProxyServer.java:180)
	at org.bwapi.proxy.ProxyServer.run(ProxyServer.java:76)
	at java.lang.Thread.run(Unknown Source)
[1513:Overmind16] FATAL - Exception in onFrame of cerebrate assignment0.MineMineMine@717d91
java.lang.RuntimeException: Invalid train command on Unit [Resource Mineral Field 36]
	at org.bwapi.proxy.model.Unit.train(Unit.java:435)
	at assignment0.MineMineMine.onFrame(MineMineMine.java:70)
	at edu.berkeley.nlp.starcraft.overmind.Overmind.onFrame(Overmind.java:106)
	at org.bwapi.unit.BwapiTestCase$WrapperBot.onFrame(BwapiTestCase.java:182)
	at org.bwapi.proxy.ProxyServer.runGame(ProxyServer.java:180)
	at org.bwapi.proxy.ProxyServer.run(ProxyServer.java:76)
	at java.lang.Thread.run(Unknown Source)
[1514:Overmind16] FATAL - Exception in onFrame of cerebrate assignment0.MineMineMine@717d91
java.lang.RuntimeException: Invalid train command on Unit [Resource Mineral Field 36]
	at org.bwapi.proxy.model.Unit.train(Unit.java:435)
	at assignment0.MineMineMine.onFrame(MineMineMine.java:70)
	at edu.berkeley.nlp.starcraft.overmind.Overmind.onFrame(Overmind.java:106)
	at org.bwapi.unit.BwapiTestCase$WrapperBot.onFrame(BwapiTestCase.java:182)
	at org.bwapi.proxy.ProxyServer.runGame(ProxyServer.java:180)
	at org.bwapi.proxy.ProxyServer.run(ProxyServer.java:76)
	at java.lang.Thread.run(Unknown Source)
[1515:Overmind16] FATAL - Exception in onFrame of cerebrate assignment0.MineMineMine@717d91
java.lang.RuntimeException: Invalid train command on Unit [Resource Mineral Field 36]
	at org.bwapi.proxy.model.Unit.train(Unit.java:435)
	at assignment0.MineMineMine.onFrame(MineMineMine.java:70)
	at edu.berkeley.nlp.starcraft.overmind.Overmind.onFrame(Overmind.java:106)
	at org.bwapi.unit.BwapiTestCase$WrapperBot.onFrame(BwapiTestCase.java:182)
	at org.bwapi.proxy.ProxyServer.runGame(ProxyServer.java:180)
	at org.bwapi.proxy.ProxyServer.run(ProxyServer.java:76)
	at java.lang.Thread.run(Unknown Source)
[1516:Overmind16] FATAL - Exception in onFrame of cerebrate assignment0.MineMineMine@717d91
java.lang.RuntimeException: Invalid train command on Unit [Resource Mineral Field 36]
	at org.bwapi.proxy.model.Unit.train(Unit.java:435)
	at assignment0.MineMineMine.onFrame(MineMineMine.java:70)
	at edu.berkeley.nlp.starcraft.overmind.Overmind.onFrame(Overmind.java:106)
	at org.bwapi.unit.BwapiTestCase$WrapperBot.onFrame(BwapiTestCase.java:182)
	at org.bwapi.proxy.ProxyServer.runGame(ProxyServer.java:180)
	at org.bwapi.proxy.ProxyServer.run(ProxyServer.java:76)
	at java.lang.Thread.run(Unknown Source)
[1517:Overmind16] FATAL - Exception in onFrame of cerebrate assignment0.MineMineMine@717d91
java.lang.RuntimeException: Invalid train command on Unit [Resource Mineral Field 36]
	at org.bwapi.proxy.model.Unit.train(Unit.java:435)
	at assignment0.MineMineMine.onFrame(MineMineMine.java:70)
	at edu.berkeley.nlp.starcraft.overmind.Overmind.onFrame(Overmind.java:106)
	at org.bwapi.unit.BwapiTestCase$WrapperBot.onFrame(BwapiTestCase.java:182)
	at org.bwapi.proxy.ProxyServer.runGame(ProxyServer.java:180)
	at org.bwapi.proxy.ProxyServer.run(ProxyServer.java:76)
	at java.lang.Thread.run(Unknown Source)
[1518:Overmind16] FATAL - Exception in onFrame of cerebrate assignment0.MineMineMine@717d91
java.lang.RuntimeException: Invalid train command on Unit [Resource Mineral Field 36]
	at org.bwapi.proxy.model.Unit.train(Unit.java:435)
	at assignment0.MineMineMine.onFrame(MineMineMine.java:70)
	at edu.berkeley.nlp.starcraft.overmind.Overmind.onFrame(Overmind.java:106)
	at org.bwapi.unit.BwapiTestCase$WrapperBot.onFrame(BwapiTestCase.java:182)
	at org.bwapi.proxy.ProxyServer.runGame(ProxyServer.java:180)
	at org.bwapi.proxy.ProxyServer.run(ProxyServer.java:76)
	at java.lang.Thread.run(Unknown Source)
[1519:Overmind16] FATAL - Exception in onFrame of cerebrate assignment0.MineMineMine@717d91
java.lang.RuntimeException: Invalid train command on Unit [Resource Mineral Field 36]
	at org.bwapi.proxy.model.Unit.train(Unit.java:435)
	at assignment0.MineMineMine.onFrame(MineMineMine.java:70)
	at edu.berkeley.nlp.starcraft.overmind.Overmind.onFrame(Overmind.java:106)
	at org.bwapi.unit.BwapiTestCase$WrapperBot.onFrame(BwapiTestCase.java:182)
	at org.bwapi.proxy.ProxyServer.runGame(ProxyServer.java:180)
	at org.bwapi.proxy.ProxyServer.run(ProxyServer.java:76)
	at java.lang.Thread.run(Unknown Source)
[1520:Overmind16] FATAL - Exception in onFrame of cerebrate assignment0.MineMineMine@717d91
java.lang.RuntimeException: Invalid train command on Unit [Resource Mineral Field 36]
	at org.bwapi.proxy.model.Unit.train(Unit.java:435)
	at assignment0.MineMineMine.onFrame(MineMineMine.java:70)
	at edu.berkeley.nlp.starcraft.overmind.Overmind.onFrame(Overmind.java:106)
	at org.bwapi.unit.BwapiTestCase$WrapperBot.onFrame(BwapiTestCase.java:182)
	at org.bwapi.proxy.ProxyServer.runGame(ProxyServer.java:180)
	at org.bwapi.proxy.ProxyServer.run(ProxyServer.java:76)
	at java.lang.Thread.run(Unknown Source)
[1521:Overmind16] FATAL - Exception in onFrame of cerebrate assignment0.MineMineMine@717d91
java.lang.RuntimeException: Invalid train command on Unit [Resource Mineral Field 36]
	at org.bwapi.proxy.model.Unit.train(Unit.java:435)
	at assignment0.MineMineMine.onFrame(MineMineMine.java:70)
	at edu.berkeley.nlp.starcraft.overmind.Overmind.onFrame(Overmind.java:106)
	at org.bwapi.unit.BwapiTestCase$WrapperBot.onFrame(BwapiTestCase.java:182)
	at org.bwapi.proxy.ProxyServer.runGame(ProxyServer.java:180)
	at org.bwapi.proxy.ProxyServer.run(ProxyServer.java:76)
	at java.lang.Thread.run(Unknown Source)
[1522:Overmind16] FATAL - Exception in onFrame of cerebrate assignment0.MineMineMine@717d91
java.lang.RuntimeException: Invalid train command on Unit [Resource Mineral Field 36]
	at org.bwapi.proxy.model.Unit.train(Unit.java:435)
	at assignment0.MineMineMine.onFrame(MineMineMine.java:70)
	at edu.berkeley.nlp.starcraft.overmind.Overmind.onFrame(Overmind.java:106)
	at org.bwapi.unit.BwapiTestCase$WrapperBot.onFrame(BwapiTestCase.java:182)
	at org.bwapi.proxy.ProxyServer.runGame(ProxyServer.java:180)
	at org.bwapi.proxy.ProxyServer.run(ProxyServer.java:76)
	at java.lang.Thread.run(Unknown Source)
[1523:Overmind16] FATAL - Exception in onFrame of cerebrate assignment0.MineMineMine@717d91
java.lang.RuntimeException: Invalid train command on Unit [Resource Mineral Field 36]
	at org.bwapi.proxy.model.Unit.train(Unit.java:435)
	at assignment0.MineMineMine.onFrame(MineMineMine.java:70)
	at edu.berkeley.nlp.starcraft.overmind.Overmind.onFrame(Overmind.java:106)
	at org.bwapi.unit.BwapiTestCase$WrapperBot.onFrame(BwapiTestCase.java:182)
	at org.bwapi.proxy.ProxyServer.runGame(ProxyServer.java:180)
	at org.bwapi.proxy.ProxyServer.run(ProxyServer.java:76)
	at java.lang.Thread.run(Unknown Source)
[1524:Overmind16] FATAL - Exception in onFrame of cerebrate assignment0.MineMineMine@717d91
java.lang.RuntimeException: Invalid train command on Unit [Resource Mineral Field 36]
	at org.bwapi.proxy.model.Unit.train(Unit.java:435)
	at assignment0.MineMineMine.onFrame(MineMineMine.java:70)
	at edu.berkeley.nlp.starcraft.overmind.Overmind.onFrame(Overmind.java:106)
	at org.bwapi.unit.BwapiTestCase$WrapperBot.onFrame(BwapiTestCase.java:182)
	at org.bwapi.proxy.ProxyServer.runGame(ProxyServer.java:180)
	at org.bwapi.proxy.ProxyServer.run(ProxyServer.java:76)
	at java.lang.Thread.run(Unknown Source)
[1525:Overmind16] FATAL - Exception in onFrame of cerebrate assignment0.MineMineMine@717d91
java.lang.RuntimeException: Invalid train command on Unit [Resource Mineral Field 36]
	at org.bwapi.proxy.model.Unit.train(Unit.java:435)
	at assignment0.MineMineMine.onFrame(MineMineMine.java:70)
	at edu.berkeley.nlp.starcraft.overmind.Overmind.onFrame(Overmind.java:106)
	at org.bwapi.unit.BwapiTestCase$WrapperBot.onFrame(BwapiTestCase.java:182)
	at org.bwapi.proxy.ProxyServer.runGame(ProxyServer.java:180)
	at org.bwapi.proxy.ProxyServer.run(ProxyServer.java:76)
	at java.lang.Thread.run(Unknown Source)
[1526:Overmind16] FATAL - Exception in onFrame of cerebrate assignment0.MineMineMine@717d91
java.lang.RuntimeException: Invalid train command on Unit [Resource Mineral Field 36]
	at org.bwapi.proxy.model.Unit.train(Unit.java:435)
	at assignment0.MineMineMine.onFrame(MineMineMine.java:70)
	at edu.berkeley.nlp.starcraft.overmind.Overmind.onFrame(Overmind.java:106)
	at org.bwapi.unit.BwapiTestCase$WrapperBot.onFrame(BwapiTestCase.java:182)
	at org.bwapi.proxy.ProxyServer.runGame(ProxyServer.java:180)
	at org.bwapi.proxy.ProxyServer.run(ProxyServer.java:76)
	at java.lang.Thread.run(Unknown Source)
[1527:Overmind16] FATAL - Exception in onFrame of cerebrate assignment0.MineMineMine@717d91
java.lang.RuntimeException: Invalid train command on Unit [Resource Mineral Field 36]
	at org.bwapi.proxy.model.Unit.train(Unit.java:435)
	at assignment0.MineMineMine.onFrame(MineMineMine.java:70)
	at edu.berkeley.nlp.starcraft.overmind.Overmind.onFrame(Overmind.java:106)
	at org.bwapi.unit.BwapiTestCase$WrapperBot.onFrame(BwapiTestCase.java:182)
	at org.bwapi.proxy.ProxyServer.runGame(ProxyServer.java:180)
	at org.bwapi.proxy.ProxyServer.run(ProxyServer.java:76)
	at java.lang.Thread.run(Unknown Source)
[1528:Overmind16] FATAL - Exception in onFrame of cerebrate assignment0.MineMineMine@717d91
java.lang.RuntimeException: Invalid train command on Unit [Resource Mineral Field 36]
	at org.bwapi.proxy.model.Unit.train(Unit.java:435)
	at assignment0.MineMineMine.onFrame(MineMineMine.java:70)
	at edu.berkeley.nlp.starcraft.overmind.Overmind.onFrame(Overmind.java:106)
	at org.bwapi.unit.BwapiTestCase$WrapperBot.onFrame(BwapiTestCase.java:182)
	at org.bwapi.proxy.ProxyServer.runGame(ProxyServer.java:180)
	at org.bwapi.proxy.ProxyServer.run(ProxyServer.java:76)
	at java.lang.Thread.run(Unknown Source)
[1529:Overmind16] FATAL - Exception in onFrame of cerebrate assignment0.MineMineMine@717d91
java.lang.RuntimeException: Invalid train command on Unit [Resource Mineral Field 36]
	at org.bwapi.proxy.model.Unit.train(Unit.java:435)
	at assignment0.MineMineMine.onFrame(MineMineMine.java:70)
	at edu.berkeley.nlp.starcraft.overmind.Overmind.onFrame(Overmind.java:106)
	at org.bwapi.unit.BwapiTestCase$WrapperBot.onFrame(BwapiTestCase.java:182)
	at org.bwapi.proxy.ProxyServer.runGame(ProxyServer.java:180)
	at org.bwapi.proxy.ProxyServer.run(ProxyServer.java:76)
	at java.lang.Thread.run(Unknown Source)
[1530:Overmind16] FATAL - Exception in onFrame of cerebrate assignment0.MineMineMine@717d91
java.lang.RuntimeException: Invalid train command on Unit [Resource Mineral Field 36]
	at org.bwapi.proxy.model.Unit.train(Unit.java:435)
	at assignment0.MineMineMine.onFrame(MineMineMine.java:70)
	at edu.berkeley.nlp.starcraft.overmind.Overmind.onFrame(Overmind.java:106)
	at org.bwapi.unit.BwapiTestCase$WrapperBot.onFrame(BwapiTestCase.java:182)
	at org.bwapi.proxy.ProxyServer.runGame(ProxyServer.java:180)
	at org.bwapi.proxy.ProxyServer.run(ProxyServer.java:76)
	at java.lang.Thread.run(Unknown Source)
[1531:Overmind16] FATAL - Exception in onFrame of cerebrate assignment0.MineMineMine@717d91
java.lang.RuntimeException: Invalid train command on Unit [Resource Mineral Field 36]
	at org.bwapi.proxy.model.Unit.train(Unit.java:435)
	at assignment0.MineMineMine.onFrame(MineMineMine.java:70)
	at edu.berkeley.nlp.starcraft.overmind.Overmind.onFrame(Overmind.java:106)
	at org.bwapi.unit.BwapiTestCase$WrapperBot.onFrame(BwapiTestCase.java:182)
	at org.bwapi.proxy.ProxyServer.runGame(ProxyServer.java:180)
	at org.bwapi.proxy.ProxyServer.run(ProxyServer.java:76)
	at java.lang.Thread.run(Unknown Source)
[1532:Overmind16] FATAL - Exception in onFrame of cerebrate assignment0.MineMineMine@717d91
java.lang.RuntimeException: Invalid train command on Unit [Resource Mineral Field 36]
	at org.bwapi.proxy.model.Unit.train(Unit.java:435)
	at assignment0.MineMineMine.onFrame(MineMineMine.java:70)
	at edu.berkeley.nlp.starcraft.overmind.Overmind.onFrame(Overmind.java:106)
	at org.bwapi.unit.BwapiTestCase$WrapperBot.onFrame(BwapiTestCase.java:182)
	at org.bwapi.proxy.ProxyServer.runGame(ProxyServer.java:180)
	at org.bwapi.proxy.ProxyServer.run(ProxyServer.java:76)
	at java.lang.Thread.run(Unknown Source)
[1533:Overmind16] FATAL - Exception in onFrame of cerebrate assignment0.MineMineMine@717d91
java.lang.RuntimeException: Invalid train command on Unit [Resource Mineral Field 36]
	at org.bwapi.proxy.model.Unit.train(Unit.java:435)
	at assignment0.MineMineMine.onFrame(MineMineMine.java:70)
	at edu.berkeley.nlp.starcraft.overmind.Overmind.onFrame(Overmind.java:106)
	at org.bwapi.unit.BwapiTestCase$WrapperBot.onFrame(BwapiTestCase.java:182)
	at org.bwapi.proxy.ProxyServer.runGame(ProxyServer.java:180)
	at org.bwapi.proxy.ProxyServer.run(ProxyServer.java:76)
	at java.lang.Thread.run(Unknown Source)
[1534:Overmind16] FATAL - Exception in onFrame of cerebrate assignment0.MineMineMine@717d91
java.lang.RuntimeException: Invalid train command on Unit [Resource Mineral Field 36]
	at org.bwapi.proxy.model.Unit.train(Unit.java:435)
	at assignment0.MineMineMine.onFrame(MineMineMine.java:70)
	at edu.berkeley.nlp.starcraft.overmind.Overmind.onFrame(Overmind.java:106)
	at org.bwapi.unit.BwapiTestCase$WrapperBot.onFrame(BwapiTestCase.java:182)
	at org.bwapi.proxy.ProxyServer.runGame(ProxyServer.java:180)
	at org.bwapi.proxy.ProxyServer.run(ProxyServer.java:76)
	at java.lang.Thread.run(Unknown Source)
[1535:Overmind16] FATAL - Exception in onFrame of cerebrate assignment0.MineMineMine@717d91
java.lang.RuntimeException: Invalid train command on Unit [Resource Mineral Field 36]
	at org.bwapi.proxy.model.Unit.train(Unit.java:435)
	at assignment0.MineMineMine.onFrame(MineMineMine.java:70)
	at edu.berkeley.nlp.starcraft.overmind.Overmind.onFrame(Overmind.java:106)
	at org.bwapi.unit.BwapiTestCase$WrapperBot.onFrame(BwapiTestCase.java:182)
	at org.bwapi.proxy.ProxyServer.runGame(ProxyServer.java:180)
	at org.bwapi.proxy.ProxyServer.run(ProxyServer.java:76)
	at java.lang.Thread.run(Unknown Source)
[1536:Overmind16] FATAL - Exception in onFrame of cerebrate assignment0.MineMineMine@717d91
java.lang.RuntimeException: Invalid train command on Unit [Resource Mineral Field 36]
	at org.bwapi.proxy.model.Unit.train(Unit.java:435)
	at assignment0.MineMineMine.onFrame(MineMineMine.java:70)
	at edu.berkeley.nlp.starcraft.overmind.Overmind.onFrame(Overmind.java:106)
	at org.bwapi.unit.BwapiTestCase$WrapperBot.onFrame(BwapiTestCase.java:182)
	at org.bwapi.proxy.ProxyServer.runGame(ProxyServer.java:180)
	at org.bwapi.proxy.ProxyServer.run(ProxyServer.java:76)
	at java.lang.Thread.run(Unknown Source)
[1537:Overmind16] FATAL - Exception in onFrame of cerebrate assignment0.MineMineMine@717d91
java.lang.RuntimeException: Invalid train command on Unit [Resource Mineral Field 36]
	at org.bwapi.proxy.model.Unit.train(Unit.java:435)
	at assignment0.MineMineMine.onFrame(MineMineMine.java:70)
	at edu.berkeley.nlp.starcraft.overmind.Overmind.onFrame(Overmind.java:106)
	at org.bwapi.unit.BwapiTestCase$WrapperBot.onFrame(BwapiTestCase.java:182)
	at org.bwapi.proxy.ProxyServer.runGame(ProxyServer.java:180)
	at org.bwapi.proxy.ProxyServer.run(ProxyServer.java:76)
	at java.lang.Thread.run(Unknown Source)
[1538:Overmind16] FATAL - Exception in onFrame of cerebrate assignment0.MineMineMine@717d91
java.lang.RuntimeException: Invalid train command on Unit [Resource Mineral Field 36]
	at org.bwapi.proxy.model.Unit.train(Unit.java:435)
	at assignment0.MineMineMine.onFrame(MineMineMine.java:70)
	at edu.berkeley.nlp.starcraft.overmind.Overmind.onFrame(Overmind.java:106)
	at org.bwapi.unit.BwapiTestCase$WrapperBot.onFrame(BwapiTestCase.java:182)
	at org.bwapi.proxy.ProxyServer.runGame(ProxyServer.java:180)
	at org.bwapi.proxy.ProxyServer.run(ProxyServer.java:76)
	at java.lang.Thread.run(Unknown Source)
[1539:Overmind16] FATAL - Exception in onFrame of cerebrate assignment0.MineMineMine@717d91
java.lang.RuntimeException: Invalid train command on Unit [Resource Mineral Field 36]
	at org.bwapi.proxy.model.Unit.train(Unit.java:435)
	at assignment0.MineMineMine.onFrame(MineMineMine.java:70)
	at edu.berkeley.nlp.starcraft.overmind.Overmind.onFrame(Overmind.java:106)
	at org.bwapi.unit.BwapiTestCase$WrapperBot.onFrame(BwapiTestCase.java:182)
	at org.bwapi.proxy.ProxyServer.runGame(ProxyServer.java:180)
	at org.bwapi.proxy.ProxyServer.run(ProxyServer.java:76)
	at java.lang.Thread.run(Unknown Source)
[1540:Overmind16] FATAL - Exception in onFrame of cerebrate assignment0.MineMineMine@717d91
java.lang.RuntimeException: Invalid train command on Unit [Resource Mineral Field 36]
	at org.bwapi.proxy.model.Unit.train(Unit.java:435)
	at assignment0.MineMineMine.onFrame(MineMineMine.java:70)
	at edu.berkeley.nlp.starcraft.overmind.Overmind.onFrame(Overmind.java:106)
	at org.bwapi.unit.BwapiTestCase$WrapperBot.onFrame(BwapiTestCase.java:182)
	at org.bwapi.proxy.ProxyServer.runGame(ProxyServer.java:180)
	at org.bwapi.proxy.ProxyServer.run(ProxyServer.java:76)
	at java.lang.Thread.run(Unknown Source)
[1541:Overmind16] FATAL - Exception in onFrame of cerebrate assignment0.MineMineMine@717d91
java.lang.RuntimeException: Invalid train command on Unit [Resource Mineral Field 36]
	at org.bwapi.proxy.model.Unit.train(Unit.java:435)
	at assignment0.MineMineMine.onFrame(MineMineMine.java:70)
	at edu.berkeley.nlp.starcraft.overmind.Overmind.onFrame(Overmind.java:106)
	at org.bwapi.unit.BwapiTestCase$WrapperBot.onFrame(BwapiTestCase.java:182)
	at org.bwapi.proxy.ProxyServer.runGame(ProxyServer.java:180)
	at org.bwapi.proxy.ProxyServer.run(ProxyServer.java:76)
	at java.lang.Thread.run(Unknown Source)
[1542:Overmind16] FATAL - Exception in onFrame of cerebrate assignment0.MineMineMine@717d91
java.lang.RuntimeException: Invalid train command on Unit [Resource Mineral Field 36]
	at org.bwapi.proxy.model.Unit.train(Unit.java:435)
	at assignment0.MineMineMine.onFrame(MineMineMine.java:70)
	at edu.berkeley.nlp.starcraft.overmind.Overmind.onFrame(Overmind.java:106)
	at org.bwapi.unit.BwapiTestCase$WrapperBot.onFrame(BwapiTestCase.java:182)
	at org.bwapi.proxy.ProxyServer.runGame(ProxyServer.java:180)
	at org.bwapi.proxy.ProxyServer.run(ProxyServer.java:76)
	at java.lang.Thread.run(Unknown Source)
[1543:Overmind16] FATAL - Exception in onFrame of cerebrate assignment0.MineMineMine@717d91
java.lang.RuntimeException: Invalid train command on Unit [Resource Mineral Field 36]
	at org.bwapi.proxy.model.Unit.train(Unit.java:435)
	at assignment0.MineMineMine.onFrame(MineMineMine.java:70)
	at edu.berkeley.nlp.starcraft.overmind.Overmind.onFrame(Overmind.java:106)
	at org.bwapi.unit.BwapiTestCase$WrapperBot.onFrame(BwapiTestCase.java:182)
	at org.bwapi.proxy.ProxyServer.runGame(ProxyServer.java:180)
	at org.bwapi.proxy.ProxyServer.run(ProxyServer.java:76)
	at java.lang.Thread.run(Unknown Source)
[1544:Overmind16] FATAL - Exception in onFrame of cerebrate assignment0.MineMineMine@717d91
java.lang.RuntimeException: Invalid train command on Unit [Resource Mineral Field 36]
	at org.bwapi.proxy.model.Unit.train(Unit.java:435)
	at assignment0.MineMineMine.onFrame(MineMineMine.java:70)
	at edu.berkeley.nlp.starcraft.overmind.Overmind.onFrame(Overmind.java:106)
	at org.bwapi.unit.BwapiTestCase$WrapperBot.onFrame(BwapiTestCase.java:182)
	at org.bwapi.proxy.ProxyServer.runGame(ProxyServer.java:180)
	at org.bwapi.proxy.ProxyServer.run(ProxyServer.java:76)
	at java.lang.Thread.run(Unknown Source)
[1545:Overmind16] FATAL - Exception in onFrame of cerebrate assignment0.MineMineMine@717d91
java.lang.RuntimeException: Invalid train command on Unit [Resource Mineral Field 36]
	at org.bwapi.proxy.model.Unit.train(Unit.java:435)
	at assignment0.MineMineMine.onFrame(MineMineMine.java:70)
	at edu.berkeley.nlp.starcraft.overmind.Overmind.onFrame(Overmind.java:106)
	at org.bwapi.unit.BwapiTestCase$WrapperBot.onFrame(BwapiTestCase.java:182)
	at org.bwapi.proxy.ProxyServer.runGame(ProxyServer.java:180)
	at org.bwapi.proxy.ProxyServer.run(ProxyServer.java:76)
	at java.lang.Thread.run(Unknown Source)
[1546:Overmind16] FATAL - Exception in onFrame of cerebrate assignment0.MineMineMine@717d91
java.lang.RuntimeException: Invalid train command on Unit [Resource Mineral Field 36]
	at org.bwapi.proxy.model.Unit.train(Unit.java:435)
	at assignment0.MineMineMine.onFrame(MineMineMine.java:70)
	at edu.berkeley.nlp.starcraft.overmind.Overmind.onFrame(Overmind.java:106)
	at org.bwapi.unit.BwapiTestCase$WrapperBot.onFrame(BwapiTestCase.java:182)
	at org.bwapi.proxy.ProxyServer.runGame(ProxyServer.java:180)
	at org.bwapi.proxy.ProxyServer.run(ProxyServer.java:76)
	at java.lang.Thread.run(Unknown Source)
[1547:Overmind16] FATAL - Exception in onFrame of cerebrate assignment0.MineMineMine@717d91
java.lang.RuntimeException: Invalid train command on Unit [Resource Mineral Field 36]
	at org.bwapi.proxy.model.Unit.train(Unit.java:435)
	at assignment0.MineMineMine.onFrame(MineMineMine.java:70)
	at edu.berkeley.nlp.starcraft.overmind.Overmind.onFrame(Overmind.java:106)
	at org.bwapi.unit.BwapiTestCase$WrapperBot.onFrame(BwapiTestCase.java:182)
	at org.bwapi.proxy.ProxyServer.runGame(ProxyServer.java:180)
	at org.bwapi.proxy.ProxyServer.run(ProxyServer.java:76)
	at java.lang.Thread.run(Unknown Source)
[1548:Overmind16] FATAL - Exception in onFrame of cerebrate assignment0.MineMineMine@717d91
java.lang.RuntimeException: Invalid train command on Unit [Resource Mineral Field 36]
	at org.bwapi.proxy.model.Unit.train(Unit.java:435)
	at assignment0.MineMineMine.onFrame(MineMineMine.java:70)
	at edu.berkeley.nlp.starcraft.overmind.Overmind.onFrame(Overmind.java:106)
	at org.bwapi.unit.BwapiTestCase$WrapperBot.onFrame(BwapiTestCase.java:182)
	at org.bwapi.proxy.ProxyServer.runGame(ProxyServer.java:180)
	at org.bwapi.proxy.ProxyServer.run(ProxyServer.java:76)
	at java.lang.Thread.run(Unknown Source)
[1549:Overmind16] FATAL - Exception in onFrame of cerebrate assignment0.MineMineMine@717d91
java.lang.RuntimeException: Invalid train command on Unit [Resource Mineral Field 36]
	at org.bwapi.proxy.model.Unit.train(Unit.java:435)
	at assignment0.MineMineMine.onFrame(MineMineMine.java:70)
	at edu.berkeley.nlp.starcraft.overmind.Overmind.onFrame(Overmind.java:106)
	at org.bwapi.unit.BwapiTestCase$WrapperBot.onFrame(BwapiTestCase.java:182)
	at org.bwapi.proxy.ProxyServer.runGame(ProxyServer.java:180)
	at org.bwapi.proxy.ProxyServer.run(ProxyServer.java:76)
	at java.lang.Thread.run(Unknown Source)
[1550:Overmind16] FATAL - Exception in onFrame of cerebrate assignment0.MineMineMine@717d91
java.lang.RuntimeException: Invalid train command on Unit [Resource Mineral Field 36]
	at org.bwapi.proxy.model.Unit.train(Unit.java:435)
	at assignment0.MineMineMine.onFrame(MineMineMine.java:70)
	at edu.berkeley.nlp.starcraft.overmind.Overmind.onFrame(Overmind.java:106)
	at org.bwapi.unit.BwapiTestCase$WrapperBot.onFrame(BwapiTestCase.java:182)
	at org.bwapi.proxy.ProxyServer.runGame(ProxyServer.java:180)
	at org.bwapi.proxy.ProxyServer.run(ProxyServer.java:76)
	at java.lang.Thread.run(Unknown Source)
[1551:Overmind16] FATAL - Exception in onFrame of cerebrate assignment0.MineMineMine@717d91
java.lang.RuntimeException: Invalid train command on Unit [Resource Mineral Field 36]
	at org.bwapi.proxy.model.Unit.train(Unit.java:435)
	at assignment0.MineMineMine.onFrame(MineMineMine.java:70)
	at edu.berkeley.nlp.starcraft.overmind.Overmind.onFrame(Overmind.java:106)
	at org.bwapi.unit.BwapiTestCase$WrapperBot.onFrame(BwapiTestCase.java:182)
	at org.bwapi.proxy.ProxyServer.runGame(ProxyServer.java:180)
	at org.bwapi.proxy.ProxyServer.run(ProxyServer.java:76)
	at java.lang.Thread.run(Unknown Source)
[1552:Overmind16] FATAL - Exception in onFrame of cerebrate assignment0.MineMineMine@717d91
java.lang.RuntimeException: Invalid train command on Unit [Resource Mineral Field 36]
	at org.bwapi.proxy.model.Unit.train(Unit.java:435)
	at assignment0.MineMineMine.onFrame(MineMineMine.java:70)
	at edu.berkeley.nlp.starcraft.overmind.Overmind.onFrame(Overmind.java:106)
	at org.bwapi.unit.BwapiTestCase$WrapperBot.onFrame(BwapiTestCase.java:182)
	at org.bwapi.proxy.ProxyServer.runGame(ProxyServer.java:180)
	at org.bwapi.proxy.ProxyServer.run(ProxyServer.java:76)
	at java.lang.Thread.run(Unknown Source)
[1553:Overmind16] FATAL - Exception in onFrame of cerebrate assignment0.MineMineMine@717d91
java.lang.RuntimeException: Invalid train command on Unit [Resource Mineral Field 36]
	at org.bwapi.proxy.model.Unit.train(Unit.java:435)
	at assignment0.MineMineMine.onFrame(MineMineMine.java:70)
	at edu.berkeley.nlp.starcraft.overmind.Overmind.onFrame(Overmind.java:106)
	at org.bwapi.unit.BwapiTestCase$WrapperBot.onFrame(BwapiTestCase.java:182)
	at org.bwapi.proxy.ProxyServer.runGame(ProxyServer.java:180)
	at org.bwapi.proxy.ProxyServer.run(ProxyServer.java:76)
	at java.lang.Thread.run(Unknown Source)
[1554:Overmind16] FATAL - Exception in onFrame of cerebrate assignment0.MineMineMine@717d91
java.lang.RuntimeException: Invalid train command on Unit [Resource Mineral Field 36]
	at org.bwapi.proxy.model.Unit.train(Unit.java:435)
	at assignment0.MineMineMine.onFrame(MineMineMine.java:70)
	at edu.berkeley.nlp.starcraft.overmind.Overmind.onFrame(Overmind.java:106)
	at org.bwapi.unit.BwapiTestCase$WrapperBot.onFrame(BwapiTestCase.java:182)
	at org.bwapi.proxy.ProxyServer.runGame(ProxyServer.java:180)
	at org.bwapi.proxy.ProxyServer.run(ProxyServer.java:76)
	at java.lang.Thread.run(Unknown Source)
[1555:Overmind16] FATAL - Exception in onFrame of cerebrate assignment0.MineMineMine@717d91
java.lang.RuntimeException: Invalid train command on Unit [Resource Mineral Field 36]
	at org.bwapi.proxy.model.Unit.train(Unit.java:435)
	at assignment0.MineMineMine.onFrame(MineMineMine.java:70)
	at edu.berkeley.nlp.starcraft.overmind.Overmind.onFrame(Overmind.java:106)
	at org.bwapi.unit.BwapiTestCase$WrapperBot.onFrame(BwapiTestCase.java:182)
	at org.bwapi.proxy.ProxyServer.runGame(ProxyServer.java:180)
	at org.bwapi.proxy.ProxyServer.run(ProxyServer.java:76)
	at java.lang.Thread.run(Unknown Source)
[1556:Overmind16] FATAL - Exception in onFrame of cerebrate assignment0.MineMineMine@717d91
java.lang.RuntimeException: Invalid train command on Unit [Resource Mineral Field 36]
	at org.bwapi.proxy.model.Unit.train(Unit.java:435)
	at assignment0.MineMineMine.onFrame(MineMineMine.java:70)
	at edu.berkeley.nlp.starcraft.overmind.Overmind.onFrame(Overmind.java:106)
	at org.bwapi.unit.BwapiTestCase$WrapperBot.onFrame(BwapiTestCase.java:182)
	at org.bwapi.proxy.ProxyServer.runGame(ProxyServer.java:180)
	at org.bwapi.proxy.ProxyServer.run(ProxyServer.java:76)
	at java.lang.Thread.run(Unknown Source)
[1557:Overmind16] FATAL - Exception in onFrame of cerebrate assignment0.MineMineMine@717d91
java.lang.RuntimeException: Invalid train command on Unit [Resource Mineral Field 36]
	at org.bwapi.proxy.model.Unit.train(Unit.java:435)
	at assignment0.MineMineMine.onFrame(MineMineMine.java:70)
	at edu.berkeley.nlp.starcraft.overmind.Overmind.onFrame(Overmind.java:106)
	at org.bwapi.unit.BwapiTestCase$WrapperBot.onFrame(BwapiTestCase.java:182)
	at org.bwapi.proxy.ProxyServer.runGame(ProxyServer.java:180)
	at org.bwapi.proxy.ProxyServer.run(ProxyServer.java:76)
	at java.lang.Thread.run(Unknown Source)
[1558:Overmind16] FATAL - Exception in onFrame of cerebrate assignment0.MineMineMine@717d91
java.lang.RuntimeException: Invalid train command on Unit [Resource Mineral Field 36]
	at org.bwapi.proxy.model.Unit.train(Unit.java:435)
	at assignment0.MineMineMine.onFrame(MineMineMine.java:70)
	at edu.berkeley.nlp.starcraft.overmind.Overmind.onFrame(Overmind.java:106)
	at org.bwapi.unit.BwapiTestCase$WrapperBot.onFrame(BwapiTestCase.java:182)
	at org.bwapi.proxy.ProxyServer.runGame(ProxyServer.java:180)
	at org.bwapi.proxy.ProxyServer.run(ProxyServer.java:76)
	at java.lang.Thread.run(Unknown Source)
[1559:Overmind16] FATAL - Exception in onFrame of cerebrate assignment0.MineMineMine@717d91
java.lang.RuntimeException: Invalid train command on Unit [Resource Mineral Field 36]
	at org.bwapi.proxy.model.Unit.train(Unit.java:435)
	at assignment0.MineMineMine.onFrame(MineMineMine.java:70)
	at edu.berkeley.nlp.starcraft.overmind.Overmind.onFrame(Overmind.java:106)
	at org.bwapi.unit.BwapiTestCase$WrapperBot.onFrame(BwapiTestCase.java:182)
	at org.bwapi.proxy.ProxyServer.runGame(ProxyServer.java:180)
	at org.bwapi.proxy.ProxyServer.run(ProxyServer.java:76)
	at java.lang.Thread.run(Unknown Source)
[1560:Overmind16] FATAL - Exception in onFrame of cerebrate assignment0.MineMineMine@717d91
java.lang.RuntimeException: Invalid train command on Unit [Resource Mineral Field 36]
	at org.bwapi.proxy.model.Unit.train(Unit.java:435)
	at assignment0.MineMineMine.onFrame(MineMineMine.java:70)
	at edu.berkeley.nlp.starcraft.overmind.Overmind.onFrame(Overmind.java:106)
	at org.bwapi.unit.BwapiTestCase$WrapperBot.onFrame(BwapiTestCase.java:182)
	at org.bwapi.proxy.ProxyServer.runGame(ProxyServer.java:180)
	at org.bwapi.proxy.ProxyServer.run(ProxyServer.java:76)
	at java.lang.Thread.run(Unknown Source)
[1561:Overmind16] FATAL - Exception in onFrame of cerebrate assignment0.MineMineMine@717d91
java.lang.RuntimeException: Invalid train command on Unit [Resource Mineral Field 36]
	at org.bwapi.proxy.model.Unit.train(Unit.java:435)
	at assignment0.MineMineMine.onFrame(MineMineMine.java:70)
	at edu.berkeley.nlp.starcraft.overmind.Overmind.onFrame(Overmind.java:106)
	at org.bwapi.unit.BwapiTestCase$WrapperBot.onFrame(BwapiTestCase.java:182)
	at org.bwapi.proxy.ProxyServer.runGame(ProxyServer.java:180)
	at org.bwapi.proxy.ProxyServer.run(ProxyServer.java:76)
	at java.lang.Thread.run(Unknown Source)
[1562:Overmind16] FATAL - Exception in onFrame of cerebrate assignment0.MineMineMine@717d91
java.lang.RuntimeException: Invalid train command on Unit [Resource Mineral Field 36]
	at org.bwapi.proxy.model.Unit.train(Unit.java:435)
	at assignment0.MineMineMine.onFrame(MineMineMine.java:70)
	at edu.berkeley.nlp.starcraft.overmind.Overmind.onFrame(Overmind.java:106)
	at org.bwapi.unit.BwapiTestCase$WrapperBot.onFrame(BwapiTestCase.java:182)
	at org.bwapi.proxy.ProxyServer.runGame(ProxyServer.java:180)
	at org.bwapi.proxy.ProxyServer.run(ProxyServer.java:76)
	at java.lang.Thread.run(Unknown Source)
[1563:Overmind16] FATAL - Exception in onFrame of cerebrate assignment0.MineMineMine@717d91
java.lang.RuntimeException: Invalid train command on Unit [Resource Mineral Field 36]
	at org.bwapi.proxy.model.Unit.train(Unit.java:435)
	at assignment0.MineMineMine.onFrame(MineMineMine.java:70)
	at edu.berkeley.nlp.starcraft.overmind.Overmind.onFrame(Overmind.java:106)
	at org.bwapi.unit.BwapiTestCase$WrapperBot.onFrame(BwapiTestCase.java:182)
	at org.bwapi.proxy.ProxyServer.runGame(ProxyServer.java:180)
	at org.bwapi.proxy.ProxyServer.run(ProxyServer.java:76)
	at java.lang.Thread.run(Unknown Source)
[1564:Overmind16] FATAL - Exception in onFrame of cerebrate assignment0.MineMineMine@717d91
java.lang.RuntimeException: Invalid train command on Unit [Resource Mineral Field 36]
	at org.bwapi.proxy.model.Unit.train(Unit.java:435)
	at assignment0.MineMineMine.onFrame(MineMineMine.java:70)
	at edu.berkeley.nlp.starcraft.overmind.Overmind.onFrame(Overmind.java:106)
	at org.bwapi.unit.BwapiTestCase$WrapperBot.onFrame(BwapiTestCase.java:182)
	at org.bwapi.proxy.ProxyServer.runGame(ProxyServer.java:180)
	at org.bwapi.proxy.ProxyServer.run(ProxyServer.java:76)
	at java.lang.Thread.run(Unknown Source)
[1565:Overmind16] FATAL - Exception in onFrame of cerebrate assignment0.MineMineMine@717d91
java.lang.RuntimeException: Invalid train command on Unit [Resource Mineral Field 36]
	at org.bwapi.proxy.model.Unit.train(Unit.java:435)
	at assignment0.MineMineMine.onFrame(MineMineMine.java:70)
	at edu.berkeley.nlp.starcraft.overmind.Overmind.onFrame(Overmind.java:106)
	at org.bwapi.unit.BwapiTestCase$WrapperBot.onFrame(BwapiTestCase.java:182)
	at org.bwapi.proxy.ProxyServer.runGame(ProxyServer.java:180)
	at org.bwapi.proxy.ProxyServer.run(ProxyServer.java:76)
	at java.lang.Thread.run(Unknown Source)
[1566:Overmind16] FATAL - Exception in onFrame of cerebrate assignment0.MineMineMine@717d91
java.lang.RuntimeException: Invalid train command on Unit [Resource Mineral Field 36]
	at org.bwapi.proxy.model.Unit.train(Unit.java:435)
	at assignment0.MineMineMine.onFrame(MineMineMine.java:70)
	at edu.berkeley.nlp.starcraft.overmind.Overmind.onFrame(Overmind.java:106)
	at org.bwapi.unit.BwapiTestCase$WrapperBot.onFrame(BwapiTestCase.java:182)
	at org.bwapi.proxy.ProxyServer.runGame(ProxyServer.java:180)
	at org.bwapi.proxy.ProxyServer.run(ProxyServer.java:76)
	at java.lang.Thread.run(Unknown Source)
[1567:Overmind16] FATAL - Exception in onFrame of cerebrate assignment0.MineMineMine@717d91
java.lang.RuntimeException: Invalid train command on Unit [Resource Mineral Field 36]
	at org.bwapi.proxy.model.Unit.train(Unit.java:435)
	at assignment0.MineMineMine.onFrame(MineMineMine.java:70)
	at edu.berkeley.nlp.starcraft.overmind.Overmind.onFrame(Overmind.java:106)
	at org.bwapi.unit.BwapiTestCase$WrapperBot.onFrame(BwapiTestCase.java:182)
	at org.bwapi.proxy.ProxyServer.runGame(ProxyServer.java:180)
	at org.bwapi.proxy.ProxyServer.run(ProxyServer.java:76)
	at java.lang.Thread.run(Unknown Source)
[1568:Overmind16] FATAL - Exception in onFrame of cerebrate assignment0.MineMineMine@717d91
java.lang.RuntimeException: Invalid train command on Unit [Resource Mineral Field 36]
	at org.bwapi.proxy.model.Unit.train(Unit.java:435)
	at assignment0.MineMineMine.onFrame(MineMineMine.java:70)
	at edu.berkeley.nlp.starcraft.overmind.Overmind.onFrame(Overmind.java:106)
	at org.bwapi.unit.BwapiTestCase$WrapperBot.onFrame(BwapiTestCase.java:182)
	at org.bwapi.proxy.ProxyServer.runGame(ProxyServer.java:180)
	at org.bwapi.proxy.ProxyServer.run(ProxyServer.java:76)
	at java.lang.Thread.run(Unknown Source)
[1569:Overmind16] FATAL - Exception in onFrame of cerebrate assignment0.MineMineMine@717d91
java.lang.RuntimeException: Invalid train command on Unit [Resource Mineral Field 36]
	at org.bwapi.proxy.model.Unit.train(Unit.java:435)
	at assignment0.MineMineMine.onFrame(MineMineMine.java:70)
	at edu.berkeley.nlp.starcraft.overmind.Overmind.onFrame(Overmind.java:106)
	at org.bwapi.unit.BwapiTestCase$WrapperBot.onFrame(BwapiTestCase.java:182)
	at org.bwapi.proxy.ProxyServer.runGame(ProxyServer.java:180)
	at org.bwapi.proxy.ProxyServer.run(ProxyServer.java:76)
	at java.lang.Thread.run(Unknown Source)
[1570:Overmind16] FATAL - Exception in onFrame of cerebrate assignment0.MineMineMine@717d91
java.lang.RuntimeException: Invalid train command on Unit [Resource Mineral Field 36]
	at org.bwapi.proxy.model.Unit.train(Unit.java:435)
	at assignment0.MineMineMine.onFrame(MineMineMine.java:70)
	at edu.berkeley.nlp.starcraft.overmind.Overmind.onFrame(Overmind.java:106)
	at org.bwapi.unit.BwapiTestCase$WrapperBot.onFrame(BwapiTestCase.java:182)
	at org.bwapi.proxy.ProxyServer.runGame(ProxyServer.java:180)
	at org.bwapi.proxy.ProxyServer.run(ProxyServer.java:76)
	at java.lang.Thread.run(Unknown Source)
[1571:Overmind16] FATAL - Exception in onFrame of cerebrate assignment0.MineMineMine@717d91
java.lang.RuntimeException: Invalid train command on Unit [Resource Mineral Field 36]
	at org.bwapi.proxy.model.Unit.train(Unit.java:435)
	at assignment0.MineMineMine.onFrame(MineMineMine.java:70)
	at edu.berkeley.nlp.starcraft.overmind.Overmind.onFrame(Overmind.java:106)
	at org.bwapi.unit.BwapiTestCase$WrapperBot.onFrame(BwapiTestCase.java:182)
	at org.bwapi.proxy.ProxyServer.runGame(ProxyServer.java:180)
	at org.bwapi.proxy.ProxyServer.run(ProxyServer.java:76)
	at java.lang.Thread.run(Unknown Source)
[1572:Overmind16] FATAL - Exception in onFrame of cerebrate assignment0.MineMineMine@717d91
java.lang.RuntimeException: Invalid train command on Unit [Resource Mineral Field 36]
	at org.bwapi.proxy.model.Unit.train(Unit.java:435)
	at assignment0.MineMineMine.onFrame(MineMineMine.java:70)
	at edu.berkeley.nlp.starcraft.overmind.Overmind.onFrame(Overmind.java:106)
	at org.bwapi.unit.BwapiTestCase$WrapperBot.onFrame(BwapiTestCase.java:182)
	at org.bwapi.proxy.ProxyServer.runGame(ProxyServer.java:180)
	at org.bwapi.proxy.ProxyServer.run(ProxyServer.java:76)
	at java.lang.Thread.run(Unknown Source)
[1573:Overmind16] FATAL - Exception in onFrame of cerebrate assignment0.MineMineMine@717d91
java.lang.RuntimeException: Invalid train command on Unit [Resource Mineral Field 36]
	at org.bwapi.proxy.model.Unit.train(Unit.java:435)
	at assignment0.MineMineMine.onFrame(MineMineMine.java:70)
	at edu.berkeley.nlp.starcraft.overmind.Overmind.onFrame(Overmind.java:106)
	at org.bwapi.unit.BwapiTestCase$WrapperBot.onFrame(BwapiTestCase.java:182)
	at org.bwapi.proxy.ProxyServer.runGame(ProxyServer.java:180)
	at org.bwapi.proxy.ProxyServer.run(ProxyServer.java:76)
	at java.lang.Thread.run(Unknown Source)
[1574:Overmind16] FATAL - Exception in onFrame of cerebrate assignment0.MineMineMine@717d91
java.lang.RuntimeException: Invalid train command on Unit [Resource Mineral Field 36]
	at org.bwapi.proxy.model.Unit.train(Unit.java:435)
	at assignment0.MineMineMine.onFrame(MineMineMine.java:70)
	at edu.berkeley.nlp.starcraft.overmind.Overmind.onFrame(Overmind.java:106)
	at org.bwapi.unit.BwapiTestCase$WrapperBot.onFrame(BwapiTestCase.java:182)
	at org.bwapi.proxy.ProxyServer.runGame(ProxyServer.java:180)
	at org.bwapi.proxy.ProxyServer.run(ProxyServer.java:76)
	at java.lang.Thread.run(Unknown Source)
[1575:Overmind16] FATAL - Exception in onFrame of cerebrate assignment0.MineMineMine@717d91
java.lang.RuntimeException: Invalid train command on Unit [Resource Mineral Field 36]
	at org.bwapi.proxy.model.Unit.train(Unit.java:435)
	at assignment0.MineMineMine.onFrame(MineMineMine.java:70)
	at edu.berkeley.nlp.starcraft.overmind.Overmind.onFrame(Overmind.java:106)
	at org.bwapi.unit.BwapiTestCase$WrapperBot.onFrame(BwapiTestCase.java:182)
	at org.bwapi.proxy.ProxyServer.runGame(ProxyServer.java:180)
	at org.bwapi.proxy.ProxyServer.run(ProxyServer.java:76)
	at java.lang.Thread.run(Unknown Source)
[1576:Overmind16] FATAL - Exception in onFrame of cerebrate assignment0.MineMineMine@717d91
java.lang.RuntimeException: Invalid train command on Unit [Resource Mineral Field 36]
	at org.bwapi.proxy.model.Unit.train(Unit.java:435)
	at assignment0.MineMineMine.onFrame(MineMineMine.java:70)
	at edu.berkeley.nlp.starcraft.overmind.Overmind.onFrame(Overmind.java:106)
	at org.bwapi.unit.BwapiTestCase$WrapperBot.onFrame(BwapiTestCase.java:182)
	at org.bwapi.proxy.ProxyServer.runGame(ProxyServer.java:180)
	at org.bwapi.proxy.ProxyServer.run(ProxyServer.java:76)
	at java.lang.Thread.run(Unknown Source)
[1577:Overmind16] FATAL - Exception in onFrame of cerebrate assignment0.MineMineMine@717d91
java.lang.RuntimeException: Invalid train command on Unit [Resource Mineral Field 36]
	at org.bwapi.proxy.model.Unit.train(Unit.java:435)
	at assignment0.MineMineMine.onFrame(MineMineMine.java:70)
	at edu.berkeley.nlp.starcraft.overmind.Overmind.onFrame(Overmind.java:106)
	at org.bwapi.unit.BwapiTestCase$WrapperBot.onFrame(BwapiTestCase.java:182)
	at org.bwapi.proxy.ProxyServer.runGame(ProxyServer.java:180)
	at org.bwapi.proxy.ProxyServer.run(ProxyServer.java:76)
	at java.lang.Thread.run(Unknown Source)
[1578:Overmind16] FATAL - Exception in onFrame of cerebrate assignment0.MineMineMine@717d91
java.lang.RuntimeException: Invalid train command on Unit [Resource Mineral Field 36]
	at org.bwapi.proxy.model.Unit.train(Unit.java:435)
	at assignment0.MineMineMine.onFrame(MineMineMine.java:70)
	at edu.berkeley.nlp.starcraft.overmind.Overmind.onFrame(Overmind.java:106)
	at org.bwapi.unit.BwapiTestCase$WrapperBot.onFrame(BwapiTestCase.java:182)
	at org.bwapi.proxy.ProxyServer.runGame(ProxyServer.java:180)
	at org.bwapi.proxy.ProxyServer.run(ProxyServer.java:76)
	at java.lang.Thread.run(Unknown Source)
[1579:Overmind16] FATAL - Exception in onFrame of cerebrate assignment0.MineMineMine@717d91
java.lang.RuntimeException: Invalid train command on Unit [Resource Mineral Field 36]
	at org.bwapi.proxy.model.Unit.train(Unit.java:435)
	at assignment0.MineMineMine.onFrame(MineMineMine.java:70)
	at edu.berkeley.nlp.starcraft.overmind.Overmind.onFrame(Overmind.java:106)
	at org.bwapi.unit.BwapiTestCase$WrapperBot.onFrame(BwapiTestCase.java:182)
	at org.bwapi.proxy.ProxyServer.runGame(ProxyServer.java:180)
	at org.bwapi.proxy.ProxyServer.run(ProxyServer.java:76)
	at java.lang.Thread.run(Unknown Source)
[1580:Overmind16] FATAL - Exception in onFrame of cerebrate assignment0.MineMineMine@717d91
java.lang.RuntimeException: Invalid train command on Unit [Resource Mineral Field 36]
	at org.bwapi.proxy.model.Unit.train(Unit.java:435)
	at assignment0.MineMineMine.onFrame(MineMineMine.java:70)
	at edu.berkeley.nlp.starcraft.overmind.Overmind.onFrame(Overmind.java:106)
	at org.bwapi.unit.BwapiTestCase$WrapperBot.onFrame(BwapiTestCase.java:182)
	at org.bwapi.proxy.ProxyServer.runGame(ProxyServer.java:180)